{"meta": {"format": 3, "version": "7.13.4", "timestamp": "2026-04-01T09:48:36.613345", "branch_coverage": false, "show_contexts": false}, "files": {"src\\pomelo_orbit\\__init__.py": {"executed_lines": [5], "summary": {"covered_lines": 1, "num_statements": 1, "percent_covered": 100.0, "percent_covered_display": "100", "missing_lines": 0, "excluded_lines": 0, "percent_statements_covered": 100.0, "percent_statements_covered_display": "100"}, "missing_lines": [], "excluded_lines": [], "functions": {"": {"executed_lines": [5], "summary": {"covered_lines": 1, "num_statements": 1, "percent_covered": 100.0, "percent_covered_display": "100", "missing_lines": 0, "excluded_lines": 0, "percent_statements_covered": 100.0, "percent_statements_covered_display": "100"}, "missing_lines": [], "excluded_lines": [], "start_line": 1}}, "classes": {"": {"executed_lines": [5], "summary": {"covered_lines": 1, "num_statements": 1, "percent_covered": 100.0, "percent_covered_display": "100", "missing_lines": 0, "excluded_lines": 0, "percent_statements_covered": 100.0, "percent_statements_covered_display": "100"}, "missing_lines": [], "excluded_lines": [], "start_line": 1}}}, "src\\pomelo_orbit\\application\\__init__.py": {"executed_lines": [6, 7, 8, 9, 10, 12], "summary": {"covered_lines": 6, "num_statements": 6, "percent_covered": 100.0, "percent_covered_display": "100", "missing_lines": 0, "excluded_lines": 0, "percent_statements_covered": 100.0, "percent_statements_covered_display": "100"}, "missing_lines": [], "excluded_lines": [], "functions": {"": {"executed_lines": [6, 7, 8, 9, 10, 12], "summary": {"covered_lines": 6, "num_statements": 6, "percent_covered": 100.0, "percent_covered_display": "100", "missing_lines": 0, "excluded_lines": 0, "percent_statements_covered": 100.0, "percent_statements_covered_display": "100"}, "missing_lines": [], "excluded_lines": [], "start_line": 1}}, "classes": {"": {"executed_lines": [6, 7, 8, 9, 10, 12], "summary": {"covered_lines": 6, "num_statements": 6, "percent_covered": 100.0, "percent_covered_display": "100", "missing_lines": 0, "excluded_lines": 0, "percent_statements_covered": 100.0, "percent_statements_covered_display": "100"}, "missing_lines": [], "excluded_lines": [], "start_line": 1}}}, "src\\pomelo_orbit\\application\\application_service.py": {"executed_lines": [6, 7, 8, 10, 12, 13, 14, 22, 23, 28, 30, 33, 36, 43, 44, 45, 46, 47, 49, 51, 52, 53, 55, 70, 72, 74, 76, 77, 79, 80, 81, 83, 84, 85, 93, 94, 95, 96, 98, 99, 101, 102, 103, 106, 107, 108, 109, 111, 114, 116, 131, 133, 134, 135, 137, 138, 139, 141, 142, 152, 153, 154, 157, 158, 159, 160, 162, 165, 167, 168, 170, 184, 185, 186, 188, 191, 192, 193, 195, 196, 198, 199, 200, 201, 203, 204, 205, 207, 208, 217, 228, 229, 232, 235, 236, 237, 239, 240, 241, 243, 245, 256, 257, 260, 262, 264, 265, 266, 268, 269, 270, 272, 285, 299, 301, 303, 305, 306, 308, 310, 320, 321, 324, 325, 334, 342, 350, 351, 353, 361, 362, 365, 366, 367, 369, 380, 391, 392, 396, 398, 399, 402, 404, 406, 407, 410, 411, 412, 414, 416, 418, 419, 422, 428, 429, 431, 433, 434, 437, 438, 439, 441, 443, 462, 472, 473, 476, 488, 489, 490, 494, 523, 573], "summary": {"covered_lines": 173, "num_statements": 241, "percent_covered": 71.78423236514523, "percent_covered_display": "72", "missing_lines": 68, "excluded_lines": 0, "percent_statements_covered": 71.78423236514523, "percent_statements_covered_display": "72"}, "missing_lines": [104, 144, 145, 146, 147, 149, 150, 155, 209, 210, 211, 212, 214, 215, 230, 258, 283, 295, 307, 322, 335, 343, 363, 370, 371, 372, 374, 381, 382, 383, 385, 400, 408, 420, 435, 447, 448, 449, 451, 452, 453, 455, 456, 458, 459, 460, 474, 496, 497, 498, 500, 502, 525, 526, 527, 529, 530, 531, 533, 542, 543, 551, 552, 559, 561, 562, 568, 570], "excluded_lines": [], "functions": {"ApplicationService.__init__": {"executed_lines": [43, 44, 45, 46, 47], "summary": {"covered_lines": 5, "num_statements": 5, "percent_covered": 100.0, "percent_covered_display": "100", "missing_lines": 0, "excluded_lines": 0, "percent_statements_covered": 100.0, "percent_statements_covered_display": "100"}, "missing_lines": [], "excluded_lines": [], "start_line": 36}, "ApplicationService.get_lock": {"executed_lines": [51, 52, 53], "summary": {"covered_lines": 3, "num_statements": 3, "percent_covered": 100.0, "percent_covered_display": "100", "missing_lines": 0, "excluded_lines": 0, "percent_statements_covered": 100.0, "percent_statements_covered_display": "100"}, "missing_lines": [], "excluded_lines": [], "start_line": 49}, "ApplicationService.deploy": {"executed_lines": [70, 72, 74, 76, 77, 79, 80, 81, 83, 84, 85, 93, 94, 95, 96, 98, 99, 101, 102, 103, 106, 107, 108, 109, 111, 114], "summary": {"covered_lines": 26, "num_statements": 27, "percent_covered": 96.29629629629629, "percent_covered_display": "96", "missing_lines": 1, "excluded_lines": 0, "percent_statements_covered": 96.29629629629629, "percent_statements_covered_display": "96"}, "missing_lines": [104], "excluded_lines": [], "start_line": 55}, "ApplicationService.execute_restart": {"executed_lines": [131, 133, 134, 135, 137, 138, 139, 141, 142, 152, 153, 154, 157, 158, 159, 160, 162, 165], "summary": {"covered_lines": 18, "num_statements": 25, "percent_covered": 72.0, "percent_covered_display": "72", "missing_lines": 7, "excluded_lines": 0, "percent_statements_covered": 72.0, "percent_statements_covered_display": "72"}, "missing_lines": [144, 145, 146, 147, 149, 150, 155], "excluded_lines": [], "start_line": 116}, "ApplicationService._find_last_successful_deployment": {"executed_lines": [168], "summary": {"covered_lines": 1, "num_statements": 1, "percent_covered": 100.0, "percent_covered_display": "100", "missing_lines": 0, "excluded_lines": 0, "percent_statements_covered": 100.0, "percent_statements_covered_display": "100"}, "missing_lines": [], "excluded_lines": [], "start_line": 167}, "ApplicationService.stop_application": {"executed_lines": [184, 185, 186, 188, 191, 192, 193, 195, 196, 198, 199, 200, 201, 203, 204, 205, 207, 208], "summary": {"covered_lines": 18, "num_statements": 24, "percent_covered": 75.0, "percent_covered_display": "75", "missing_lines": 6, "excluded_lines": 0, "percent_statements_covered": 75.0, "percent_statements_covered_display": "75"}, "missing_lines": [209, 210, 211, 212, 214, 215], "excluded_lines": [], "start_line": 170}, "ApplicationService.restart_application": {"executed_lines": [228, 229, 232, 235, 236, 237, 239, 240, 241, 243], "summary": {"covered_lines": 10, "num_statements": 11, "percent_covered": 90.9090909090909, "percent_covered_display": "91", "missing_lines": 1, "excluded_lines": 0, "percent_statements_covered": 90.9090909090909, "percent_statements_covered_display": "91"}, "missing_lines": [230], "excluded_lines": [], "start_line": 217}, "ApplicationService.delete_application": {"executed_lines": [256, 257, 260, 262, 264, 265, 266, 268, 269, 270], "summary": {"covered_lines": 10, "num_statements": 11, "percent_covered": 90.9090909090909, "percent_covered_display": "91", "missing_lines": 1, "excluded_lines": 0, "percent_statements_covered": 90.9090909090909, "percent_statements_covered_display": "91"}, "missing_lines": [258], "excluded_lines": [], "start_line": 245}, "ApplicationService.get_application_logs": {"executed_lines": [], "summary": {"covered_lines": 0, "num_statements": 1, "percent_covered": 0.0, "percent_covered_display": "0", "missing_lines": 1, "excluded_lines": 0, "percent_statements_covered": 0.0, "percent_statements_covered_display": "0"}, "missing_lines": [283], "excluded_lines": [], "start_line": 272}, "ApplicationService.get_application_status": {"executed_lines": [], "summary": {"covered_lines": 0, "num_statements": 1, "percent_covered": 0.0, "percent_covered_display": "0", "missing_lines": 1, "excluded_lines": 0, "percent_statements_covered": 0.0, "percent_statements_covered_display": "0"}, "missing_lines": [295], "excluded_lines": [], "start_line": 285}, "ApplicationService.list_applications": {"executed_lines": [301], "summary": {"covered_lines": 1, "num_statements": 1, "percent_covered": 100.0, "percent_covered_display": "100", "missing_lines": 0, "excluded_lines": 0, "percent_statements_covered": 100.0, "percent_statements_covered_display": "100"}, "missing_lines": [], "excluded_lines": [], "start_line": 299}, "ApplicationService.get_application": {"executed_lines": [305, 306, 308], "summary": {"covered_lines": 3, "num_statements": 4, "percent_covered": 75.0, "percent_covered_display": "75", "missing_lines": 1, "excluded_lines": 0, "percent_statements_covered": 75.0, "percent_statements_covered_display": "75"}, "missing_lines": [307], "excluded_lines": [], "start_line": 303}, "ApplicationService.create_application": {"executed_lines": [320, 321, 324, 325, 334, 342, 350, 351], "summary": {"covered_lines": 8, "num_statements": 11, "percent_covered": 72.72727272727273, "percent_covered_display": "73", "missing_lines": 3, "excluded_lines": 0, "percent_statements_covered": 72.72727272727273, "percent_statements_covered_display": "73"}, "missing_lines": [322, 335, 343], "excluded_lines": [], "start_line": 310}, "ApplicationService.update_application": {"executed_lines": [361, 362, 365, 366, 367, 369, 380, 391, 392], "summary": {"covered_lines": 9, "num_statements": 18, "percent_covered": 50.0, "percent_covered_display": "50", "missing_lines": 9, "excluded_lines": 0, "percent_statements_covered": 50.0, "percent_statements_covered_display": "50"}, "missing_lines": [363, 370, 371, 372, 374, 381, 382, 383, 385], "excluded_lines": [], "start_line": 353}, "ApplicationService.get_config_files": {"executed_lines": [398, 399, 402], "summary": {"covered_lines": 3, "num_statements": 4, "percent_covered": 75.0, "percent_covered_display": "75", "missing_lines": 1, "excluded_lines": 0, "percent_statements_covered": 75.0, "percent_statements_covered_display": "75"}, "missing_lines": [400], "excluded_lines": [], "start_line": 396}, "ApplicationService.get_config_file": {"executed_lines": [406, 407, 410, 411, 412, 414], "summary": {"covered_lines": 6, "num_statements": 7, "percent_covered": 85.71428571428571, "percent_covered_display": "86", "missing_lines": 1, "excluded_lines": 0, "percent_statements_covered": 85.71428571428571, "percent_statements_covered_display": "86"}, "missing_lines": [408], "excluded_lines": [], "start_line": 404}, "ApplicationService.create_config_file": {"executed_lines": [418, 419, 422, 428, 429], "summary": {"covered_lines": 5, "num_statements": 6, "percent_covered": 83.33333333333333, "percent_covered_display": "83", "missing_lines": 1, "excluded_lines": 0, "percent_statements_covered": 83.33333333333333, "percent_statements_covered_display": "83"}, "missing_lines": [420], "excluded_lines": [], "start_line": 416}, "ApplicationService.delete_config_file": {"executed_lines": [433, 434, 437, 438, 439, 441], "summary": {"covered_lines": 6, "num_statements": 7, "percent_covered": 85.71428571428571, "percent_covered_display": "86", "missing_lines": 1, "excluded_lines": 0, "percent_statements_covered": 85.71428571428571, "percent_statements_covered_display": "86"}, "missing_lines": [435], "excluded_lines": [], "start_line": 431}, "ApplicationService.update_config_file": {"executed_lines": [], "summary": {"covered_lines": 0, "num_statements": 11, "percent_covered": 0.0, "percent_covered_display": "0", "missing_lines": 11, "excluded_lines": 0, "percent_statements_covered": 0.0, "percent_statements_covered_display": "0"}, "missing_lines": [447, 448, 449, 451, 452, 453, 455, 456, 458, 459, 460], "excluded_lines": [], "start_line": 443}, "ApplicationService.create_deployment": {"executed_lines": [472, 473, 476, 488, 489, 490], "summary": {"covered_lines": 6, "num_statements": 7, "percent_covered": 85.71428571428571, "percent_covered_display": "86", "missing_lines": 1, "excluded_lines": 0, "percent_statements_covered": 85.71428571428571, "percent_statements_covered_display": "86"}, "missing_lines": [474], "excluded_lines": [], "start_line": 462}, "ApplicationService.export_application": {"executed_lines": [], "summary": {"covered_lines": 0, "num_statements": 5, "percent_covered": 0.0, "percent_covered_display": "0", "missing_lines": 5, "excluded_lines": 0, "percent_statements_covered": 0.0, "percent_statements_covered_display": "0"}, "missing_lines": [496, 497, 498, 500, 502], "excluded_lines": [], "start_line": 494}, "ApplicationService.import_application": {"executed_lines": [], "summary": {"covered_lines": 0, "num_statements": 16, "percent_covered": 0.0, "percent_covered_display": "0", "missing_lines": 16, "excluded_lines": 0, "percent_statements_covered": 0.0, "percent_statements_covered_display": "0"}, "missing_lines": [525, 526, 527, 529, 530, 531, 533, 542, 543, 551, 552, 559, 561, 562, 568, 570], "excluded_lines": [], "start_line": 523}, "": {"executed_lines": [6, 7, 8, 10, 12, 13, 14, 22, 23, 28, 30, 33, 36, 49, 55, 116, 167, 170, 217, 245, 272, 285, 299, 303, 310, 353, 396, 404, 416, 431, 443, 462, 494, 523, 573], "summary": {"covered_lines": 35, "num_statements": 35, "percent_covered": 100.0, "percent_covered_display": "100", "missing_lines": 0, "excluded_lines": 0, "percent_statements_covered": 100.0, "percent_statements_covered_display": "100"}, "missing_lines": [], "excluded_lines": [], "start_line": 1}}, "classes": {"ApplicationService": {"executed_lines": [43, 44, 45, 46, 47, 51, 52, 53, 70, 72, 74, 76, 77, 79, 80, 81, 83, 84, 85, 93, 94, 95, 96, 98, 99, 101, 102, 103, 106, 107, 108, 109, 111, 114, 131, 133, 134, 135, 137, 138, 139, 141, 142, 152, 153, 154, 157, 158, 159, 160, 162, 165, 168, 184, 185, 186, 188, 191, 192, 193, 195, 196, 198, 199, 200, 201, 203, 204, 205, 207, 208, 228, 229, 232, 235, 236, 237, 239, 240, 241, 243, 256, 257, 260, 262, 264, 265, 266, 268, 269, 270, 301, 305, 306, 308, 320, 321, 324, 325, 334, 342, 350, 351, 361, 362, 365, 366, 367, 369, 380, 391, 392, 398, 399, 402, 406, 407, 410, 411, 412, 414, 418, 419, 422, 428, 429, 433, 434, 437, 438, 439, 441, 472, 473, 476, 488, 489, 490], "summary": {"covered_lines": 138, "num_statements": 206, "percent_covered": 66.99029126213593, "percent_covered_display": "67", "missing_lines": 68, "excluded_lines": 0, "percent_statements_covered": 66.99029126213593, "percent_statements_covered_display": "67"}, "missing_lines": [104, 144, 145, 146, 147, 149, 150, 155, 209, 210, 211, 212, 214, 215, 230, 258, 283, 295, 307, 322, 335, 343, 363, 370, 371, 372, 374, 381, 382, 383, 385, 400, 408, 420, 435, 447, 448, 449, 451, 452, 453, 455, 456, 458, 459, 460, 474, 496, 497, 498, 500, 502, 525, 526, 527, 529, 530, 531, 533, 542, 543, 551, 552, 559, 561, 562, 568, 570], "excluded_lines": [], "start_line": 33}, "": {"executed_lines": [6, 7, 8, 10, 12, 13, 14, 22, 23, 28, 30, 33, 36, 49, 55, 116, 167, 170, 217, 245, 272, 285, 299, 303, 310, 353, 396, 404, 416, 431, 443, 462, 494, 523, 573], "summary": {"covered_lines": 35, "num_statements": 35, "percent_covered": 100.0, "percent_covered_display": "100", "missing_lines": 0, "excluded_lines": 0, "percent_statements_covered": 100.0, "percent_statements_covered_display": "100"}, "missing_lines": [], "excluded_lines": [], "start_line": 1}}}, "src\\pomelo_orbit\\application\\ci_di.py": {"executed_lines": [3, 4, 5, 7, 8, 9, 11, 12, 13, 14, 21, 22, 23, 26, 27, 32, 36, 40, 44, 48, 52, 75], "summary": {"covered_lines": 22, "num_statements": 33, "percent_covered": 66.66666666666667, "percent_covered_display": "67", "missing_lines": 11, "excluded_lines": 0, "percent_statements_covered": 66.66666666666667, "percent_statements_covered_display": "67"}, "missing_lines": [29, 33, 37, 41, 45, 49, 60, 61, 62, 64, 79], "excluded_lines": [], "functions": {"get_container_executor": {"executed_lines": [], "summary": {"covered_lines": 0, "num_statements": 1, "percent_covered": 0.0, "percent_covered_display": "0", "missing_lines": 1, "excluded_lines": 0, "percent_statements_covered": 0.0, "percent_statements_covered_display": "0"}, "missing_lines": [29], "excluded_lines": [], "start_line": 27}, "get_project_repo": {"executed_lines": [], "summary": {"covered_lines": 0, "num_statements": 1, "percent_covered": 0.0, "percent_covered_display": "0", "missing_lines": 1, "excluded_lines": 0, "percent_statements_covered": 0.0, "percent_statements_covered_display": "0"}, "missing_lines": [33], "excluded_lines": [], "start_line": 32}, "get_credential_repo": {"executed_lines": [], "summary": {"covered_lines": 0, "num_statements": 1, "percent_covered": 0.0, "percent_covered_display": "0", "missing_lines": 1, "excluded_lines": 0, "percent_statements_covered": 0.0, "percent_statements_covered_display": "0"}, "missing_lines": [37], "excluded_lines": [], "start_line": 36}, "get_template_repo": {"executed_lines": [], "summary": {"covered_lines": 0, "num_statements": 1, "percent_covered": 0.0, "percent_covered_display": "0", "missing_lines": 1, "excluded_lines": 0, "percent_statements_covered": 0.0, "percent_statements_covered_display": "0"}, "missing_lines": [41], "excluded_lines": [], "start_line": 40}, "get_run_repo": {"executed_lines": [], "summary": {"covered_lines": 0, "num_statements": 1, "percent_covered": 0.0, "percent_covered_display": "0", "missing_lines": 1, "excluded_lines": 0, "percent_statements_covered": 0.0, "percent_statements_covered_display": "0"}, "missing_lines": [45], "excluded_lines": [], "start_line": 44}, "get_artifact_repo": {"executed_lines": [], "summary": {"covered_lines": 0, "num_statements": 1, "percent_covered": 0.0, "percent_covered_display": "0", "missing_lines": 1, "excluded_lines": 0, "percent_statements_covered": 0.0, "percent_statements_covered_display": "0"}, "missing_lines": [49], "excluded_lines": [], "start_line": 48}, "get_pipeline_service": {"executed_lines": [], "summary": {"covered_lines": 0, "num_statements": 4, "percent_covered": 0.0, "percent_covered_display": "0", "missing_lines": 4, "excluded_lines": 0, "percent_statements_covered": 0.0, "percent_statements_covered_display": "0"}, "missing_lines": [60, 61, 62, 64], "excluded_lines": [], "start_line": 52}, "get_ci_webhook_service": {"executed_lines": [], "summary": {"covered_lines": 0, "num_statements": 1, "percent_covered": 0.0, "percent_covered_display": "0", "missing_lines": 1, "excluded_lines": 0, "percent_statements_covered": 0.0, "percent_statements_covered_display": "0"}, "missing_lines": [79], "excluded_lines": [], "start_line": 75}, "": {"executed_lines": [3, 4, 5, 7, 8, 9, 11, 12, 13, 14, 21, 22, 23, 26, 27, 32, 36, 40, 44, 48, 52, 75], "summary": {"covered_lines": 22, "num_statements": 22, "percent_covered": 100.0, "percent_covered_display": "100", "missing_lines": 0, "excluded_lines": 0, "percent_statements_covered": 100.0, "percent_statements_covered_display": "100"}, "missing_lines": [], "excluded_lines": [], "start_line": 1}}, "classes": {"": {"executed_lines": [3, 4, 5, 7, 8, 9, 11, 12, 13, 14, 21, 22, 23, 26, 27, 32, 36, 40, 44, 48, 52, 75], "summary": {"covered_lines": 22, "num_statements": 33, "percent_covered": 66.66666666666667, "percent_covered_display": "67", "missing_lines": 11, "excluded_lines": 0, "percent_statements_covered": 66.66666666666667, "percent_statements_covered_display": "67"}, "missing_lines": [29, 33, 37, 41, 45, 49, 60, 61, 62, 64, 79], "excluded_lines": [], "start_line": 1}}}, "src\\pomelo_orbit\\application\\ci_webhook_service.py": {"executed_lines": [3, 5, 6, 7, 8, 14, 19, 22, 25, 30, 31, 33, 51, 52, 53, 54, 55, 57, 64, 79, 80, 81, 82, 83, 85, 92, 107, 108, 110, 111, 115, 117, 118, 120, 121, 123, 124, 125, 126, 127, 131, 132, 136, 139, 140, 141, 142, 146, 149, 159, 160, 165, 166, 170, 172, 173, 175], "summary": {"covered_lines": 57, "num_statements": 58, "percent_covered": 98.27586206896552, "percent_covered_display": "98", "missing_lines": 1, "excluded_lines": 0, "percent_statements_covered": 98.27586206896552, "percent_statements_covered_display": "98"}, "missing_lines": [129], "excluded_lines": [], "functions": {"CIWebhookService.__init__": {"executed_lines": [30, 31], "summary": {"covered_lines": 2, "num_statements": 2, "percent_covered": 100.0, "percent_covered_display": "100", "missing_lines": 0, "excluded_lines": 0, "percent_statements_covered": 100.0, "percent_statements_covered_display": "100"}, "missing_lines": [], "excluded_lines": [], "start_line": 25}, "CIWebhookService.handle_github_webhook": {"executed_lines": [51, 52, 53, 54, 55, 57], "summary": {"covered_lines": 6, "num_statements": 6, "percent_covered": 100.0, "percent_covered_display": "100", "missing_lines": 0, "excluded_lines": 0, "percent_statements_covered": 100.0, "percent_statements_covered_display": "100"}, "missing_lines": [], "excluded_lines": [], "start_line": 33}, "CIWebhookService.handle_gitlab_webhook": {"executed_lines": [79, 80, 81, 82, 83, 85], "summary": {"covered_lines": 6, "num_statements": 6, "percent_covered": 100.0, "percent_covered_display": "100", "missing_lines": 0, "excluded_lines": 0, "percent_statements_covered": 100.0, "percent_statements_covered_display": "100"}, "missing_lines": [], "excluded_lines": [], "start_line": 64}, "CIWebhookService._handle_webhook": {"executed_lines": [107, 108, 110, 111, 115, 117, 118, 120, 121, 123, 124, 125, 126, 127, 131, 132, 136, 139, 140, 141, 142, 146, 149, 159, 160, 165, 166, 170, 172, 173, 175], "summary": {"covered_lines": 31, "num_statements": 32, "percent_covered": 96.875, "percent_covered_display": "97", "missing_lines": 1, "excluded_lines": 0, "percent_statements_covered": 96.875, "percent_statements_covered_display": "97"}, "missing_lines": [129], "excluded_lines": [], "start_line": 92}, "": {"executed_lines": [3, 5, 6, 7, 8, 14, 19, 22, 25, 33, 64, 92], "summary": {"covered_lines": 12, "num_statements": 12, "percent_covered": 100.0, "percent_covered_display": "100", "missing_lines": 0, "excluded_lines": 0, "percent_statements_covered": 100.0, "percent_statements_covered_display": "100"}, "missing_lines": [], "excluded_lines": [], "start_line": 1}}, "classes": {"CIWebhookService": {"executed_lines": [30, 31, 51, 52, 53, 54, 55, 57, 79, 80, 81, 82, 83, 85, 107, 108, 110, 111, 115, 117, 118, 120, 121, 123, 124, 125, 126, 127, 131, 132, 136, 139, 140, 141, 142, 146, 149, 159, 160, 165, 166, 170, 172, 173, 175], "summary": {"covered_lines": 45, "num_statements": 46, "percent_covered": 97.82608695652173, "percent_covered_display": "98", "missing_lines": 1, "excluded_lines": 0, "percent_statements_covered": 97.82608695652173, "percent_statements_covered_display": "98"}, "missing_lines": [129], "excluded_lines": [], "start_line": 22}, "": {"executed_lines": [3, 5, 6, 7, 8, 14, 19, 22, 25, 33, 64, 92], "summary": {"covered_lines": 12, "num_statements": 12, "percent_covered": 100.0, "percent_covered_display": "100", "missing_lines": 0, "excluded_lines": 0, "percent_statements_covered": 100.0, "percent_statements_covered_display": "100"}, "missing_lines": [], "excluded_lines": [], "start_line": 1}}}, "src\\pomelo_orbit\\application\\deployment_service.py": {"executed_lines": [3, 5, 6, 7, 8, 9, 10, 12, 15, 18, 24, 25, 26, 28, 40, 41, 43, 53, 55, 56, 57, 58, 60, 62, 63, 66, 69, 70, 71, 73, 75, 77], "summary": {"covered_lines": 32, "num_statements": 45, "percent_covered": 71.11111111111111, "percent_covered_display": "71", "missing_lines": 13, "excluded_lines": 0, "percent_statements_covered": 71.11111111111111, "percent_statements_covered_display": "71"}, "missing_lines": [64, 67, 88, 89, 90, 92, 93, 96, 97, 98, 101, 104, 106], "excluded_lines": [], "functions": {"DeploymentService.__init__": {"executed_lines": [24, 25, 26], "summary": {"covered_lines": 3, "num_statements": 3, "percent_covered": 100.0, "percent_covered_display": "100", "missing_lines": 0, "excluded_lines": 0, "percent_statements_covered": 100.0, "percent_statements_covered_display": "100"}, "missing_lines": [], "excluded_lines": [], "start_line": 18}, "DeploymentService.list_deployments": {"executed_lines": [40, 41, 43], "summary": {"covered_lines": 3, "num_statements": 3, "percent_covered": 100.0, "percent_covered_display": "100", "missing_lines": 0, "excluded_lines": 0, "percent_statements_covered": 100.0, "percent_statements_covered_display": "100"}, "missing_lines": [], "excluded_lines": [], "start_line": 28}, "DeploymentService.get_deployment": {"executed_lines": [55, 56, 57, 58], "summary": {"covered_lines": 4, "num_statements": 4, "percent_covered": 100.0, "percent_covered_display": "100", "missing_lines": 0, "excluded_lines": 0, "percent_statements_covered": 100.0, "percent_statements_covered_display": "100"}, "missing_lines": [], "excluded_lines": [], "start_line": 53}, "DeploymentService.cancel_deployment": {"executed_lines": [62, 63, 66, 69, 70, 71, 73, 75], "summary": {"covered_lines": 8, "num_statements": 10, "percent_covered": 80.0, "percent_covered_display": "80", "missing_lines": 2, "excluded_lines": 0, "percent_statements_covered": 80.0, "percent_statements_covered_display": "80"}, "missing_lines": [64, 67], "excluded_lines": [], "start_line": 60}, "DeploymentService.read_deployment_log": {"executed_lines": [], "summary": {"covered_lines": 0, "num_statements": 11, "percent_covered": 0.0, "percent_covered_display": "0", "missing_lines": 11, "excluded_lines": 0, "percent_statements_covered": 0.0, "percent_statements_covered_display": "0"}, "missing_lines": [88, 89, 90, 92, 93, 96, 97, 98, 101, 104, 106], "excluded_lines": [], "start_line": 77}, "": {"executed_lines": [3, 5, 6, 7, 8, 9, 10, 12, 15, 18, 28, 53, 60, 77], "summary": {"covered_lines": 14, "num_statements": 14, "percent_covered": 100.0, "percent_covered_display": "100", "missing_lines": 0, "excluded_lines": 0, "percent_statements_covered": 100.0, "percent_statements_covered_display": "100"}, "missing_lines": [], "excluded_lines": [], "start_line": 1}}, "classes": {"DeploymentService": {"executed_lines": [24, 25, 26, 40, 41, 43, 55, 56, 57, 58, 62, 63, 66, 69, 70, 71, 73, 75], "summary": {"covered_lines": 18, "num_statements": 31, "percent_covered": 58.064516129032256, "percent_covered_display": "58", "missing_lines": 13, "excluded_lines": 0, "percent_statements_covered": 58.064516129032256, "percent_statements_covered_display": "58"}, "missing_lines": [64, 67, 88, 89, 90, 92, 93, 96, 97, 98, 101, 104, 106], "excluded_lines": [], "start_line": 15}, "": {"executed_lines": [3, 5, 6, 7, 8, 9, 10, 12, 15, 18, 28, 53, 60, 77], "summary": {"covered_lines": 14, "num_statements": 14, "percent_covered": 100.0, "percent_covered_display": "100", "missing_lines": 0, "excluded_lines": 0, "percent_statements_covered": 100.0, "percent_statements_covered_display": "100"}, "missing_lines": [], "excluded_lines": [], "start_line": 1}}}, "src\\pomelo_orbit\\application\\di.py": {"executed_lines": [3, 5, 6, 7, 9, 10, 11, 12, 13, 14, 17, 18, 19, 20, 21, 22, 27, 28, 29, 32, 36, 39, 44, 52, 59, 67, 72, 79], "summary": {"covered_lines": 28, "num_statements": 29, "percent_covered": 96.55172413793103, "percent_covered_display": "97", "missing_lines": 1, "excluded_lines": 0, "percent_statements_covered": 96.55172413793103, "percent_statements_covered_display": "97"}, "missing_lines": [83], "excluded_lines": [], "functions": {"get_app_manager": {"executed_lines": [36], "summary": {"covered_lines": 1, "num_statements": 1, "percent_covered": 100.0, "percent_covered_display": "100", "missing_lines": 0, "excluded_lines": 0, "percent_statements_covered": 100.0, "percent_statements_covered_display": "100"}, "missing_lines": [], "excluded_lines": [], "start_line": 32}, "get_application_service": {"executed_lines": [44], "summary": {"covered_lines": 1, "num_statements": 1, "percent_covered": 100.0, "percent_covered_display": "100", "missing_lines": 0, "excluded_lines": 0, "percent_statements_covered": 100.0, "percent_statements_covered_display": "100"}, "missing_lines": [], "excluded_lines": [], "start_line": 39}, "get_route_service": {"executed_lines": [59], "summary": {"covered_lines": 1, "num_statements": 1, "percent_covered": 100.0, "percent_covered_display": "100", "missing_lines": 0, "excluded_lines": 0, "percent_statements_covered": 100.0, "percent_statements_covered_display": "100"}, "missing_lines": [], "excluded_lines": [], "start_line": 52}, "get_deployment_service": {"executed_lines": [72], "summary": {"covered_lines": 1, "num_statements": 1, "percent_covered": 100.0, "percent_covered_display": "100", "missing_lines": 0, "excluded_lines": 0, "percent_statements_covered": 100.0, "percent_statements_covered_display": "100"}, "missing_lines": [], "excluded_lines": [], "start_line": 67}, "get_setting_service": {"executed_lines": [], "summary": {"covered_lines": 0, "num_statements": 1, "percent_covered": 0.0, "percent_covered_display": "0", "missing_lines": 1, "excluded_lines": 0, "percent_statements_covered": 0.0, "percent_statements_covered_display": "0"}, "missing_lines": [83], "excluded_lines": [], "start_line": 79}, "": {"executed_lines": [3, 5, 6, 7, 9, 10, 11, 12, 13, 14, 17, 18, 19, 20, 21, 22, 27, 28, 29, 32, 39, 52, 67, 79], "summary": {"covered_lines": 24, "num_statements": 24, "percent_covered": 100.0, "percent_covered_display": "100", "missing_lines": 0, "excluded_lines": 0, "percent_statements_covered": 100.0, "percent_statements_covered_display": "100"}, "missing_lines": [], "excluded_lines": [], "start_line": 1}}, "classes": {"": {"executed_lines": [3, 5, 6, 7, 9, 10, 11, 12, 13, 14, 17, 18, 19, 20, 21, 22, 27, 28, 29, 32, 36, 39, 44, 52, 59, 67, 72, 79], "summary": {"covered_lines": 28, "num_statements": 29, "percent_covered": 96.55172413793103, "percent_covered_display": "97", "missing_lines": 1, "excluded_lines": 0, "percent_statements_covered": 96.55172413793103, "percent_statements_covered_display": "97"}, "missing_lines": [83], "excluded_lines": [], "start_line": 1}}}, "src\\pomelo_orbit\\application\\dtos.py": {"executed_lines": [5, 8, 9, 12, 13, 14, 15, 16, 17, 20], "summary": {"covered_lines": 10, "num_statements": 10, "percent_covered": 100.0, "percent_covered_display": "100", "missing_lines": 0, "excluded_lines": 0, "percent_statements_covered": 100.0, "percent_statements_covered_display": "100"}, "missing_lines": [], "excluded_lines": [], "functions": {"": {"executed_lines": [5, 8, 9, 12, 13, 14, 15, 16, 17, 20], "summary": {"covered_lines": 10, "num_statements": 10, "percent_covered": 100.0, "percent_covered_display": "100", "missing_lines": 0, "excluded_lines": 0, "percent_statements_covered": 100.0, "percent_statements_covered_display": "100"}, "missing_lines": [], "excluded_lines": [], "start_line": 1}}, "classes": {"WebhookPayload": {"executed_lines": [], "summary": {"covered_lines": 0, "num_statements": 0, "percent_covered": 100.0, "percent_covered_display": "100", "missing_lines": 0, "excluded_lines": 0, "percent_statements_covered": 100.0, "percent_statements_covered_display": "100"}, "missing_lines": [], "excluded_lines": [], "start_line": 9}, "": {"executed_lines": [5, 8, 9, 12, 13, 14, 15, 16, 17, 20], "summary": {"covered_lines": 10, "num_statements": 10, "percent_covered": 100.0, "percent_covered_display": "100", "missing_lines": 0, "excluded_lines": 0, "percent_statements_covered": 100.0, "percent_statements_covered_display": "100"}, "missing_lines": [], "excluded_lines": [], "start_line": 1}}}, "src\\pomelo_orbit\\application\\pipeline_service.py": {"executed_lines": [3, 4, 5, 6, 8, 15, 16, 22, 23, 24, 25, 26, 35, 41, 42, 43, 45, 48, 51, 54, 64, 65, 66, 67, 68, 69, 70, 76, 78, 80, 82, 83, 84, 85, 87, 99, 100, 101, 102, 104, 106, 115, 116, 118, 127, 128, 129, 130, 136, 137, 139, 141, 142, 143, 144, 146, 148, 149, 155, 157, 158, 159, 160, 166, 168, 170, 172, 173, 174, 175, 177, 179, 184, 185, 187, 189, 190, 191, 192, 198, 200, 202, 204, 205, 206, 207, 209, 217, 218, 224, 225, 227, 236, 237, 238, 239, 240, 241, 242, 244, 246, 247, 248, 255, 259, 260, 262, 264, 265, 266, 267, 269, 271, 272, 274, 285, 288, 289, 295, 303, 305, 310, 313, 314, 315, 317, 319, 388], "summary": {"covered_lines": 128, "num_statements": 178, "percent_covered": 71.91011235955057, "percent_covered_display": "72", "missing_lines": 50, "excluded_lines": 0, "percent_statements_covered": 71.91011235955057, "percent_statements_covered_display": "72"}, "missing_lines": [249, 338, 339, 342, 349, 358, 359, 360, 361, 364, 367, 374, 376, 382, 383, 384, 386, 395, 397, 399, 400, 401, 402, 403, 404, 405, 406, 407, 410, 413, 424, 425, 426, 427, 428, 435, 436, 437, 439, 440, 441, 442, 444, 445, 446, 447, 449, 450, 451, 452], "excluded_lines": [], "functions": {"PipelineService.__init__": {"executed_lines": [64, 65, 66, 67, 68, 69, 70], "summary": {"covered_lines": 7, "num_statements": 7, "percent_covered": 100.0, "percent_covered_display": "100", "missing_lines": 0, "excluded_lines": 0, "percent_statements_covered": 100.0, "percent_statements_covered_display": "100"}, "missing_lines": [], "excluded_lines": [], "start_line": 54}, "PipelineService.list_projects": {"executed_lines": [78], "summary": {"covered_lines": 1, "num_statements": 1, "percent_covered": 100.0, "percent_covered_display": "100", "missing_lines": 0, "excluded_lines": 0, "percent_statements_covered": 100.0, "percent_statements_covered_display": "100"}, "missing_lines": [], "excluded_lines": [], "start_line": 76}, "PipelineService.get_project": {"executed_lines": [82, 83, 84, 85], "summary": {"covered_lines": 4, "num_statements": 4, "percent_covered": 100.0, "percent_covered_display": "100", "missing_lines": 0, "excluded_lines": 0, "percent_statements_covered": 100.0, "percent_statements_covered_display": "100"}, "missing_lines": [], "excluded_lines": [], "start_line": 80}, "PipelineService.create_project": {"executed_lines": [99, 100, 101, 102, 104, 106, 115, 116], "summary": {"covered_lines": 8, "num_statements": 8, "percent_covered": 100.0, "percent_covered_display": "100", "missing_lines": 0, "excluded_lines": 0, "percent_statements_covered": 100.0, "percent_statements_covered_display": "100"}, "missing_lines": [], "excluded_lines": [], "start_line": 87}, "PipelineService.update_project": {"executed_lines": [127, 128, 129, 130, 136, 137], "summary": {"covered_lines": 6, "num_statements": 6, "percent_covered": 100.0, "percent_covered_display": "100", "missing_lines": 0, "excluded_lines": 0, "percent_statements_covered": 100.0, "percent_statements_covered_display": "100"}, "missing_lines": [], "excluded_lines": [], "start_line": 118}, "PipelineService.delete_project": {"executed_lines": [141, 142, 143, 144], "summary": {"covered_lines": 4, "num_statements": 4, "percent_covered": 100.0, "percent_covered_display": "100", "missing_lines": 0, "excluded_lines": 0, "percent_statements_covered": 100.0, "percent_statements_covered_display": "100"}, "missing_lines": [], "excluded_lines": [], "start_line": 139}, "PipelineService.get_webhook_config": {"executed_lines": [148, 149], "summary": {"covered_lines": 2, "num_statements": 2, "percent_covered": 100.0, "percent_covered_display": "100", "missing_lines": 0, "excluded_lines": 0, "percent_statements_covered": 100.0, "percent_statements_covered_display": "100"}, "missing_lines": [], "excluded_lines": [], "start_line": 146}, "PipelineService.regenerate_webhook_secret": {"executed_lines": [157, 158, 159, 160], "summary": {"covered_lines": 4, "num_statements": 4, "percent_covered": 100.0, "percent_covered_display": "100", "missing_lines": 0, "excluded_lines": 0, "percent_statements_covered": 100.0, "percent_statements_covered_display": "100"}, "missing_lines": [], "excluded_lines": [], "start_line": 155}, "PipelineService.list_credentials": {"executed_lines": [168], "summary": {"covered_lines": 1, "num_statements": 1, "percent_covered": 100.0, "percent_covered_display": "100", "missing_lines": 0, "excluded_lines": 0, "percent_statements_covered": 100.0, "percent_statements_covered_display": "100"}, "missing_lines": [], "excluded_lines": [], "start_line": 166}, "PipelineService.get_credential": {"executed_lines": [172, 173, 174, 175], "summary": {"covered_lines": 4, "num_statements": 4, "percent_covered": 100.0, "percent_covered_display": "100", "missing_lines": 0, "excluded_lines": 0, "percent_statements_covered": 100.0, "percent_statements_covered_display": "100"}, "missing_lines": [], "excluded_lines": [], "start_line": 170}, "PipelineService.create_credential": {"executed_lines": [179, 184, 185], "summary": {"covered_lines": 3, "num_statements": 3, "percent_covered": 100.0, "percent_covered_display": "100", "missing_lines": 0, "excluded_lines": 0, "percent_statements_covered": 100.0, "percent_statements_covered_display": "100"}, "missing_lines": [], "excluded_lines": [], "start_line": 177}, "PipelineService.delete_credential": {"executed_lines": [189, 190, 191, 192], "summary": {"covered_lines": 4, "num_statements": 4, "percent_covered": 100.0, "percent_covered_display": "100", "missing_lines": 0, "excluded_lines": 0, "percent_statements_covered": 100.0, "percent_statements_covered_display": "100"}, "missing_lines": [], "excluded_lines": [], "start_line": 187}, "PipelineService.list_templates": {"executed_lines": [200], "summary": {"covered_lines": 1, "num_statements": 1, "percent_covered": 100.0, "percent_covered_display": "100", "missing_lines": 0, "excluded_lines": 0, "percent_statements_covered": 100.0, "percent_statements_covered_display": "100"}, "missing_lines": [], "excluded_lines": [], "start_line": 198}, "PipelineService.get_template": {"executed_lines": [204, 205, 206, 207], "summary": {"covered_lines": 4, "num_statements": 4, "percent_covered": 100.0, "percent_covered_display": "100", "missing_lines": 0, "excluded_lines": 0, "percent_statements_covered": 100.0, "percent_statements_covered_display": "100"}, "missing_lines": [], "excluded_lines": [], "start_line": 202}, "PipelineService.create_template": {"executed_lines": [217, 218, 224, 225], "summary": {"covered_lines": 4, "num_statements": 4, "percent_covered": 100.0, "percent_covered_display": "100", "missing_lines": 0, "excluded_lines": 0, "percent_statements_covered": 100.0, "percent_statements_covered_display": "100"}, "missing_lines": [], "excluded_lines": [], "start_line": 209}, "PipelineService.update_template": {"executed_lines": [236, 237, 238, 239, 240, 241, 242], "summary": {"covered_lines": 7, "num_statements": 7, "percent_covered": 100.0, "percent_covered_display": "100", "missing_lines": 0, "excluded_lines": 0, "percent_statements_covered": 100.0, "percent_statements_covered_display": "100"}, "missing_lines": [], "excluded_lines": [], "start_line": 227}, "PipelineService.delete_template": {"executed_lines": [246, 247, 248], "summary": {"covered_lines": 3, "num_statements": 4, "percent_covered": 75.0, "percent_covered_display": "75", "missing_lines": 1, "excluded_lines": 0, "percent_statements_covered": 75.0, "percent_statements_covered_display": "75"}, "missing_lines": [249], "excluded_lines": [], "start_line": 244}, "PipelineService.list_runs": {"executed_lines": [259, 260], "summary": {"covered_lines": 2, "num_statements": 2, "percent_covered": 100.0, "percent_covered_display": "100", "missing_lines": 0, "excluded_lines": 0, "percent_statements_covered": 100.0, "percent_statements_covered_display": "100"}, "missing_lines": [], "excluded_lines": [], "start_line": 255}, "PipelineService.get_run": {"executed_lines": [264, 265, 266, 267], "summary": {"covered_lines": 4, "num_statements": 4, "percent_covered": 100.0, "percent_covered_display": "100", "missing_lines": 0, "excluded_lines": 0, "percent_statements_covered": 100.0, "percent_statements_covered_display": "100"}, "missing_lines": [], "excluded_lines": [], "start_line": 262}, "PipelineService.list_artifacts": {"executed_lines": [271, 272], "summary": {"covered_lines": 2, "num_statements": 2, "percent_covered": 100.0, "percent_covered_display": "100", "missing_lines": 0, "excluded_lines": 0, "percent_statements_covered": 100.0, "percent_statements_covered_display": "100"}, "missing_lines": [], "excluded_lines": [], "start_line": 269}, "PipelineService.retry_pipeline": {"executed_lines": [285, 288, 289, 295, 303, 305, 310, 313, 314, 315, 317], "summary": {"covered_lines": 11, "num_statements": 11, "percent_covered": 100.0, "percent_covered_display": "100", "missing_lines": 0, "excluded_lines": 0, "percent_statements_covered": 100.0, "percent_statements_covered_display": "100"}, "missing_lines": [], "excluded_lines": [], "start_line": 274}, "PipelineService.trigger_pipeline": {"executed_lines": [], "summary": {"covered_lines": 0, "num_statements": 16, "percent_covered": 0.0, "percent_covered_display": "0", "missing_lines": 16, "excluded_lines": 0, "percent_statements_covered": 0.0, "percent_statements_covered_display": "0"}, "missing_lines": [338, 339, 342, 349, 358, 359, 360, 361, 364, 367, 374, 376, 382, 383, 384, 386], "excluded_lines": [], "start_line": 319}, "PipelineService._execute_run": {"executed_lines": [], "summary": {"covered_lines": 0, "num_statements": 33, "percent_covered": 0.0, "percent_covered_display": "0", "missing_lines": 33, "excluded_lines": 0, "percent_statements_covered": 0.0, "percent_statements_covered_display": "0"}, "missing_lines": [395, 397, 399, 400, 401, 402, 403, 404, 405, 406, 407, 410, 413, 424, 425, 426, 427, 428, 435, 436, 437, 439, 440, 441, 442, 444, 445, 446, 447, 449, 450, 451, 452], "excluded_lines": [], "start_line": 388}, "": {"executed_lines": [3, 4, 5, 6, 8, 15, 16, 22, 23, 24, 25, 26, 35, 41, 42, 43, 45, 48, 51, 54, 76, 80, 87, 118, 139, 146, 155, 166, 170, 177, 187, 198, 202, 209, 227, 244, 255, 262, 269, 274, 319, 388], "summary": {"covered_lines": 42, "num_statements": 42, "percent_covered": 100.0, "percent_covered_display": "100", "missing_lines": 0, "excluded_lines": 0, "percent_statements_covered": 100.0, "percent_statements_covered_display": "100"}, "missing_lines": [], "excluded_lines": [], "start_line": 1}}, "classes": {"PipelineService": {"executed_lines": [64, 65, 66, 67, 68, 69, 70, 78, 82, 83, 84, 85, 99, 100, 101, 102, 104, 106, 115, 116, 127, 128, 129, 130, 136, 137, 141, 142, 143, 144, 148, 149, 157, 158, 159, 160, 168, 172, 173, 174, 175, 179, 184, 185, 189, 190, 191, 192, 200, 204, 205, 206, 207, 217, 218, 224, 225, 236, 237, 238, 239, 240, 241, 242, 246, 247, 248, 259, 260, 264, 265, 266, 267, 271, 272, 285, 288, 289, 295, 303, 305, 310, 313, 314, 315, 317], "summary": {"covered_lines": 86, "num_statements": 136, "percent_covered": 63.23529411764706, "percent_covered_display": "63", "missing_lines": 50, "excluded_lines": 0, "percent_statements_covered": 63.23529411764706, "percent_statements_covered_display": "63"}, "missing_lines": [249, 338, 339, 342, 349, 358, 359, 360, 361, 364, 367, 374, 376, 382, 383, 384, 386, 395, 397, 399, 400, 401, 402, 403, 404, 405, 406, 407, 410, 413, 424, 425, 426, 427, 428, 435, 436, 437, 439, 440, 441, 442, 444, 445, 446, 447, 449, 450, 451, 452], "excluded_lines": [], "start_line": 51}, "": {"executed_lines": [3, 4, 5, 6, 8, 15, 16, 22, 23, 24, 25, 26, 35, 41, 42, 43, 45, 48, 51, 54, 76, 80, 87, 118, 139, 146, 155, 166, 170, 177, 187, 198, 202, 209, 227, 244, 255, 262, 269, 274, 319, 388], "summary": {"covered_lines": 42, "num_statements": 42, "percent_covered": 100.0, "percent_covered_display": "100", "missing_lines": 0, "excluded_lines": 0, "percent_statements_covered": 100.0, "percent_statements_covered_display": "100"}, "missing_lines": [], "excluded_lines": [], "start_line": 1}}}, "src\\pomelo_orbit\\application\\route_service.py": {"executed_lines": [3, 5, 6, 8, 9, 10, 11, 12, 13, 14, 16, 19, 22, 29, 30, 31, 32, 34, 36, 37, 38, 39, 40, 42, 44, 46, 55, 68, 71, 72, 73, 75, 77, 79, 80, 81, 82, 84, 86, 87, 90, 93, 95, 97, 98, 99, 102, 103, 104, 106, 107, 109, 112, 113, 115, 118, 119, 121, 123, 125, 127, 128, 129, 131, 132, 134, 137, 138, 141, 143, 145, 146, 147, 149, 150, 152, 153, 155, 171, 173, 174, 175, 177, 178, 181, 184, 185, 187, 190, 193, 194, 196, 198, 200, 201, 202, 204, 207, 208, 210, 211, 213, 214, 216, 218, 221, 222, 226, 227, 229, 230, 231, 234, 235, 238, 239, 242, 245, 246, 248, 249, 252, 253, 255, 257, 259, 260, 261, 264, 266, 269, 270, 272, 273, 276, 279, 280, 282], "summary": {"covered_lines": 138, "num_statements": 149, "percent_covered": 92.61744966442953, "percent_covered_display": "93", "missing_lines": 11, "excluded_lines": 0, "percent_statements_covered": 92.61744966442953, "percent_statements_covered_display": "93"}, "missing_lines": [88, 91, 157, 158, 160, 162, 163, 166, 167, 169, 240], "excluded_lines": [], "functions": {"RouteService.__init__": {"executed_lines": [29, 30, 31, 32], "summary": {"covered_lines": 4, "num_statements": 4, "percent_covered": 100.0, "percent_covered_display": "100", "missing_lines": 0, "excluded_lines": 0, "percent_statements_covered": 100.0, "percent_statements_covered_display": "100"}, "missing_lines": [], "excluded_lines": [], "start_line": 22}, "RouteService._get_traefik_config": {"executed_lines": [36, 37, 38, 39, 40], "summary": {"covered_lines": 5, "num_statements": 5, "percent_covered": 100.0, "percent_covered_display": "100", "missing_lines": 0, "excluded_lines": 0, "percent_statements_covered": 100.0, "percent_statements_covered_display": "100"}, "missing_lines": [], "excluded_lines": [], "start_line": 34}, "RouteService.list_routes": {"executed_lines": [44], "summary": {"covered_lines": 1, "num_statements": 1, "percent_covered": 100.0, "percent_covered_display": "100", "missing_lines": 0, "excluded_lines": 0, "percent_statements_covered": 100.0, "percent_statements_covered_display": "100"}, "missing_lines": [], "excluded_lines": [], "start_line": 42}, "RouteService.create_route": {"executed_lines": [55, 68, 71, 72, 73, 75], "summary": {"covered_lines": 6, "num_statements": 6, "percent_covered": 100.0, "percent_covered_display": "100", "missing_lines": 0, "excluded_lines": 0, "percent_statements_covered": 100.0, "percent_statements_covered_display": "100"}, "missing_lines": [], "excluded_lines": [], "start_line": 46}, "RouteService.get_route": {"executed_lines": [79, 80, 81, 82], "summary": {"covered_lines": 4, "num_statements": 4, "percent_covered": 100.0, "percent_covered_display": "100", "missing_lines": 0, "excluded_lines": 0, "percent_statements_covered": 100.0, "percent_statements_covered_display": "100"}, "missing_lines": [], "excluded_lines": [], "start_line": 77}, "RouteService.delete_route": {"executed_lines": [86, 87, 90, 93], "summary": {"covered_lines": 4, "num_statements": 6, "percent_covered": 66.66666666666667, "percent_covered_display": "67", "missing_lines": 2, "excluded_lines": 0, "percent_statements_covered": 66.66666666666667, "percent_statements_covered_display": "67"}, "missing_lines": [88, 91], "excluded_lines": [], "start_line": 84}, "RouteService.update_route": {"executed_lines": [97, 98, 99, 102, 103, 104, 106, 107, 109, 112, 113, 115, 118, 119, 121, 123], "summary": {"covered_lines": 16, "num_statements": 16, "percent_covered": 100.0, "percent_covered_display": "100", "missing_lines": 0, "excluded_lines": 0, "percent_statements_covered": 100.0, "percent_statements_covered_display": "100"}, "missing_lines": [], "excluded_lines": [], "start_line": 95}, "RouteService.enable_route": {"executed_lines": [127, 128, 129, 131, 132, 134, 137, 138, 141], "summary": {"covered_lines": 9, "num_statements": 9, "percent_covered": 100.0, "percent_covered_display": "100", "missing_lines": 0, "excluded_lines": 0, "percent_statements_covered": 100.0, "percent_statements_covered_display": "100"}, "missing_lines": [], "excluded_lines": [], "start_line": 125}, "RouteService.disable_route": {"executed_lines": [145, 146, 147, 149, 150, 152, 153], "summary": {"covered_lines": 7, "num_statements": 7, "percent_covered": 100.0, "percent_covered_display": "100", "missing_lines": 0, "excluded_lines": 0, "percent_statements_covered": 100.0, "percent_statements_covered_display": "100"}, "missing_lines": [], "excluded_lines": [], "start_line": 143}, "RouteService.sync_routes": {"executed_lines": [], "summary": {"covered_lines": 0, "num_statements": 8, "percent_covered": 0.0, "percent_covered_display": "0", "missing_lines": 8, "excluded_lines": 0, "percent_statements_covered": 0.0, "percent_statements_covered_display": "0"}, "missing_lines": [157, 158, 160, 162, 163, 166, 167, 169], "excluded_lines": [], "start_line": 155}, "RouteService.upload_cert": {"executed_lines": [173, 174, 175, 177, 178, 181, 184, 185, 187, 190, 193, 194, 196], "summary": {"covered_lines": 13, "num_statements": 13, "percent_covered": 100.0, "percent_covered_display": "100", "missing_lines": 0, "excluded_lines": 0, "percent_statements_covered": 100.0, "percent_statements_covered_display": "100"}, "missing_lines": [], "excluded_lines": [], "start_line": 171}, "RouteService.disable_https": {"executed_lines": [200, 201, 202, 204, 207, 208, 210, 211, 213, 214, 216], "summary": {"covered_lines": 11, "num_statements": 11, "percent_covered": 100.0, "percent_covered_display": "100", "missing_lines": 0, "excluded_lines": 0, "percent_statements_covered": 100.0, "percent_statements_covered_display": "100"}, "missing_lines": [], "excluded_lines": [], "start_line": 198}, "RouteService.enable_letsencrypt": {"executed_lines": [221, 222, 226, 227, 229, 230, 231, 234, 235, 238, 239, 242, 245, 246, 248, 249, 252, 253, 255], "summary": {"covered_lines": 19, "num_statements": 20, "percent_covered": 95.0, "percent_covered_display": "95", "missing_lines": 1, "excluded_lines": 0, "percent_statements_covered": 95.0, "percent_statements_covered_display": "95"}, "missing_lines": [240], "excluded_lines": [], "start_line": 218}, "RouteService.enable_mkcert": {"executed_lines": [259, 260, 261, 264, 266, 269, 270, 272, 273, 276, 279, 280, 282], "summary": {"covered_lines": 13, "num_statements": 13, "percent_covered": 100.0, "percent_covered_display": "100", "missing_lines": 0, "excluded_lines": 0, "percent_statements_covered": 100.0, "percent_statements_covered_display": "100"}, "missing_lines": [], "excluded_lines": [], "start_line": 257}, "": {"executed_lines": [3, 5, 6, 8, 9, 10, 11, 12, 13, 14, 16, 19, 22, 34, 42, 46, 77, 84, 95, 125, 143, 155, 171, 198, 218, 257], "summary": {"covered_lines": 26, "num_statements": 26, "percent_covered": 100.0, "percent_covered_display": "100", "missing_lines": 0, "excluded_lines": 0, "percent_statements_covered": 100.0, "percent_statements_covered_display": "100"}, "missing_lines": [], "excluded_lines": [], "start_line": 1}}, "classes": {"RouteService": {"executed_lines": [29, 30, 31, 32, 36, 37, 38, 39, 40, 44, 55, 68, 71, 72, 73, 75, 79, 80, 81, 82, 86, 87, 90, 93, 97, 98, 99, 102, 103, 104, 106, 107, 109, 112, 113, 115, 118, 119, 121, 123, 127, 128, 129, 131, 132, 134, 137, 138, 141, 145, 146, 147, 149, 150, 152, 153, 173, 174, 175, 177, 178, 181, 184, 185, 187, 190, 193, 194, 196, 200, 201, 202, 204, 207, 208, 210, 211, 213, 214, 216, 221, 222, 226, 227, 229, 230, 231, 234, 235, 238, 239, 242, 245, 246, 248, 249, 252, 253, 255, 259, 260, 261, 264, 266, 269, 270, 272, 273, 276, 279, 280, 282], "summary": {"covered_lines": 112, "num_statements": 123, "percent_covered": 91.0569105691057, "percent_covered_display": "91", "missing_lines": 11, "excluded_lines": 0, "percent_statements_covered": 91.0569105691057, "percent_statements_covered_display": "91"}, "missing_lines": [88, 91, 157, 158, 160, 162, 163, 166, 167, 169, 240], "excluded_lines": [], "start_line": 19}, "": {"executed_lines": [3, 5, 6, 8, 9, 10, 11, 12, 13, 14, 16, 19, 22, 34, 42, 46, 77, 84, 95, 125, 143, 155, 171, 198, 218, 257], "summary": {"covered_lines": 26, "num_statements": 26, "percent_covered": 100.0, "percent_covered_display": "100", "missing_lines": 0, "excluded_lines": 0, "percent_statements_covered": 100.0, "percent_statements_covered_display": "100"}, "missing_lines": [], "excluded_lines": [], "start_line": 1}}}, "src\\pomelo_orbit\\application\\setting_service.py": {"executed_lines": [3, 4, 5, 7, 9, 11, 15, 26, 29, 32, 34, 37, 39, 42, 44, 46, 49, 51, 52, 55, 57, 58, 59, 60, 61, 62, 63, 64, 65, 68, 73, 76, 77, 78, 79, 80, 83, 84, 86, 87, 88, 89, 90, 93, 94, 95, 98, 100, 108, 111, 112, 113, 115, 116, 117, 119, 121, 122, 123, 124, 125, 127, 129, 130, 131], "summary": {"covered_lines": 65, "num_statements": 66, "percent_covered": 98.48484848484848, "percent_covered_display": "98", "missing_lines": 1, "excluded_lines": 0, "percent_statements_covered": 98.48484848484848, "percent_statements_covered_display": "98"}, "missing_lines": [45], "excluded_lines": [], "functions": {"_to_settings_key": {"executed_lines": [34], "summary": {"covered_lines": 1, "num_statements": 1, "percent_covered": 100.0, "percent_covered_display": "100", "missing_lines": 0, "excluded_lines": 0, "percent_statements_covered": 100.0, "percent_statements_covered_display": "100"}, "missing_lines": [], "excluded_lines": [], "start_line": 32}, "_to_env_key": {"executed_lines": [39], "summary": {"covered_lines": 1, "num_statements": 1, "percent_covered": 100.0, "percent_covered_display": "100", "missing_lines": 0, "excluded_lines": 0, "percent_statements_covered": 100.0, "percent_statements_covered_display": "100"}, "missing_lines": [], "excluded_lines": [], "start_line": 37}, "_from_env_key": {"executed_lines": [44, 46], "summary": {"covered_lines": 2, "num_statements": 3, "percent_covered": 66.66666666666667, "percent_covered_display": "67", "missing_lines": 1, "excluded_lines": 0, "percent_statements_covered": 66.66666666666667, "percent_statements_covered_display": "67"}, "missing_lines": [45], "excluded_lines": [], "start_line": 42}, "_get_defaults": {"executed_lines": [51, 52], "summary": {"covered_lines": 2, "num_statements": 2, "percent_covered": 100.0, "percent_covered_display": "100", "missing_lines": 0, "excluded_lines": 0, "percent_statements_covered": 100.0, "percent_statements_covered_display": "100"}, "missing_lines": [], "excluded_lines": [], "start_line": 49}, "_read_env_file": {"executed_lines": [57, 58, 59, 60, 61, 62, 63, 64, 65], "summary": {"covered_lines": 9, "num_statements": 9, "percent_covered": 100.0, "percent_covered_display": "100", "missing_lines": 0, "excluded_lines": 0, "percent_statements_covered": 100.0, "percent_statements_covered_display": "100"}, "missing_lines": [], "excluded_lines": [], "start_line": 55}, "_build_items": {"executed_lines": [73, 76, 77, 78, 79, 80, 83, 84, 86, 87, 88, 89, 90, 93, 94, 95, 98, 100, 108], "summary": {"covered_lines": 19, "num_statements": 19, "percent_covered": 100.0, "percent_covered_display": "100", "missing_lines": 0, "excluded_lines": 0, "percent_statements_covered": 100.0, "percent_statements_covered_display": "100"}, "missing_lines": [], "excluded_lines": [], "start_line": 68}, "SettingService.__init__": {"executed_lines": [113], "summary": {"covered_lines": 1, "num_statements": 1, "percent_covered": 100.0, "percent_covered_display": "100", "missing_lines": 0, "excluded_lines": 0, "percent_statements_covered": 100.0, "percent_statements_covered_display": "100"}, "missing_lines": [], "excluded_lines": [], "start_line": 112}, "SettingService.get_config": {"executed_lines": [116, 117], "summary": {"covered_lines": 2, "num_statements": 2, "percent_covered": 100.0, "percent_covered_display": "100", "missing_lines": 0, "excluded_lines": 0, "percent_statements_covered": 100.0, "percent_statements_covered_display": "100"}, "missing_lines": [], "excluded_lines": [], "start_line": 115}, "SettingService.update_config": {"executed_lines": [121, 122, 123, 124, 125], "summary": {"covered_lines": 5, "num_statements": 5, "percent_covered": 100.0, "percent_covered_display": "100", "missing_lines": 0, "excluded_lines": 0, "percent_statements_covered": 100.0, "percent_statements_covered_display": "100"}, "missing_lines": [], "excluded_lines": [], "start_line": 119}, "SettingService.reset_config": {"executed_lines": [129, 130, 131], "summary": {"covered_lines": 3, "num_statements": 3, "percent_covered": 100.0, "percent_covered_display": "100", "missing_lines": 0, "excluded_lines": 0, "percent_statements_covered": 100.0, "percent_statements_covered_display": "100"}, "missing_lines": [], "excluded_lines": [], "start_line": 127}, "": {"executed_lines": [3, 4, 5, 7, 9, 11, 15, 26, 29, 32, 37, 42, 49, 55, 68, 111, 112, 115, 119, 127], "summary": {"covered_lines": 20, "num_statements": 20, "percent_covered": 100.0, "percent_covered_display": "100", "missing_lines": 0, "excluded_lines": 0, "percent_statements_covered": 100.0, "percent_statements_covered_display": "100"}, "missing_lines": [], "excluded_lines": [], "start_line": 1}}, "classes": {"SettingService": {"executed_lines": [113, 116, 117, 121, 122, 123, 124, 125, 129, 130, 131], "summary": {"covered_lines": 11, "num_statements": 11, "percent_covered": 100.0, "percent_covered_display": "100", "missing_lines": 0, "excluded_lines": 0, "percent_statements_covered": 100.0, "percent_statements_covered_display": "100"}, "missing_lines": [], "excluded_lines": [], "start_line": 111}, "": {"executed_lines": [3, 4, 5, 7, 9, 11, 15, 26, 29, 32, 34, 37, 39, 42, 44, 46, 49, 51, 52, 55, 57, 58, 59, 60, 61, 62, 63, 64, 65, 68, 73, 76, 77, 78, 79, 80, 83, 84, 86, 87, 88, 89, 90, 93, 94, 95, 98, 100, 108, 111, 112, 115, 119, 127], "summary": {"covered_lines": 54, "num_statements": 55, "percent_covered": 98.18181818181819, "percent_covered_display": "98", "missing_lines": 1, "excluded_lines": 0, "percent_statements_covered": 98.18181818181819, "percent_statements_covered_display": "98"}, "missing_lines": [45], "excluded_lines": [], "start_line": 1}}}, "src\\pomelo_orbit\\application\\webhook_parser.py": {"executed_lines": [5, 8, 10, 11, 13, 15, 25, 27, 28, 30, 40, 42, 44, 54, 56, 61, 62, 63, 64, 67], "summary": {"covered_lines": 20, "num_statements": 20, "percent_covered": 100.0, "percent_covered_display": "100", "missing_lines": 0, "excluded_lines": 0, "percent_statements_covered": 100.0, "percent_statements_covered_display": "100"}, "missing_lines": [], "excluded_lines": [], "functions": {"parse_github_push": {"executed_lines": [10, 11, 13, 15], "summary": {"covered_lines": 4, "num_statements": 4, "percent_covered": 100.0, "percent_covered_display": "100", "missing_lines": 0, "excluded_lines": 0, "percent_statements_covered": 100.0, "percent_statements_covered_display": "100"}, "missing_lines": [], "excluded_lines": [], "start_line": 8}, "parse_github_release": {"executed_lines": [27, 28, 30], "summary": {"covered_lines": 3, "num_statements": 3, "percent_covered": 100.0, "percent_covered_display": "100", "missing_lines": 0, "excluded_lines": 0, "percent_statements_covered": 100.0, "percent_statements_covered_display": "100"}, "missing_lines": [], "excluded_lines": [], "start_line": 25}, "parse_github_ping": {"executed_lines": [42, 44], "summary": {"covered_lines": 2, "num_statements": 2, "percent_covered": 100.0, "percent_covered_display": "100", "missing_lines": 0, "excluded_lines": 0, "percent_statements_covered": 100.0, "percent_statements_covered_display": "100"}, "missing_lines": [], "excluded_lines": [], "start_line": 40}, "parse_github_payload": {"executed_lines": [56, 61, 62, 63, 64], "summary": {"covered_lines": 5, "num_statements": 5, "percent_covered": 100.0, "percent_covered_display": "100", "missing_lines": 0, "excluded_lines": 0, "percent_statements_covered": 100.0, "percent_statements_covered_display": "100"}, "missing_lines": [], "excluded_lines": [], "start_line": 54}, "": {"executed_lines": [5, 8, 25, 40, 54, 67], "summary": {"covered_lines": 6, "num_statements": 6, "percent_covered": 100.0, "percent_covered_display": "100", "missing_lines": 0, "excluded_lines": 0, "percent_statements_covered": 100.0, "percent_statements_covered_display": "100"}, "missing_lines": [], "excluded_lines": [], "start_line": 1}}, "classes": {"": {"executed_lines": [5, 8, 10, 11, 13, 15, 25, 27, 28, 30, 40, 42, 44, 54, 56, 61, 62, 63, 64, 67], "summary": {"covered_lines": 20, "num_statements": 20, "percent_covered": 100.0, "percent_covered_display": "100", "missing_lines": 0, "excluded_lines": 0, "percent_statements_covered": 100.0, "percent_statements_covered_display": "100"}, "missing_lines": [], "excluded_lines": [], "start_line": 1}}}, "src\\pomelo_orbit\\domain\\__init__.py": {"executed_lines": [6, 22, 27, 29], "summary": {"covered_lines": 4, "num_statements": 4, "percent_covered": 100.0, "percent_covered_display": "100", "missing_lines": 0, "excluded_lines": 0, "percent_statements_covered": 100.0, "percent_statements_covered_display": "100"}, "missing_lines": [], "excluded_lines": [], "functions": {"": {"executed_lines": [6, 22, 27, 29], "summary": {"covered_lines": 4, "num_statements": 4, "percent_covered": 100.0, "percent_covered_display": "100", "missing_lines": 0, "excluded_lines": 0, "percent_statements_covered": 100.0, "percent_statements_covered_display": "100"}, "missing_lines": [], "excluded_lines": [], "start_line": 1}}, "classes": {"": {"executed_lines": [6, 22, 27, 29], "summary": {"covered_lines": 4, "num_statements": 4, "percent_covered": 100.0, "percent_covered_display": "100", "missing_lines": 0, "excluded_lines": 0, "percent_statements_covered": 100.0, "percent_statements_covered_display": "100"}, "missing_lines": [], "excluded_lines": [], "start_line": 1}}}, "src\\pomelo_orbit\\domain\\application_lifecycle_service.py": {"executed_lines": [3, 5, 6, 7, 8, 11, 18, 19, 26, 29, 30, 37, 38, 40, 41, 48, 49, 51, 52, 59, 61, 62, 64, 65, 83, 84, 86, 98, 99, 105, 117, 118, 120, 121, 122, 123, 125, 126, 128, 129, 130, 131, 132, 134, 135, 142, 143, 145, 146, 147, 148, 150, 151], "summary": {"covered_lines": 53, "num_statements": 65, "percent_covered": 81.53846153846153, "percent_covered_display": "82", "missing_lines": 12, "excluded_lines": 0, "percent_statements_covered": 81.53846153846153, "percent_statements_covered_display": "82"}, "missing_lines": [27, 60, 71, 137, 138, 139, 140, 153, 154, 155, 156, 157], "excluded_lines": [], "functions": {"ApplicationLifecycleDomainService.validate_deploy": {"executed_lines": [26], "summary": {"covered_lines": 1, "num_statements": 2, "percent_covered": 50.0, "percent_covered_display": "50", "missing_lines": 1, "excluded_lines": 0, "percent_statements_covered": 50.0, "percent_statements_covered_display": "50"}, "missing_lines": [27], "excluded_lines": [], "start_line": 19}, "ApplicationLifecycleDomainService.validate_stop": {"executed_lines": [37, 38], "summary": {"covered_lines": 2, "num_statements": 2, "percent_covered": 100.0, "percent_covered_display": "100", "missing_lines": 0, "excluded_lines": 0, "percent_statements_covered": 100.0, "percent_statements_covered_display": "100"}, "missing_lines": [], "excluded_lines": [], "start_line": 30}, "ApplicationLifecycleDomainService.validate_restart": {"executed_lines": [48, 49], "summary": {"covered_lines": 2, "num_statements": 2, "percent_covered": 100.0, "percent_covered_display": "100", "missing_lines": 0, "excluded_lines": 0, "percent_statements_covered": 100.0, "percent_statements_covered_display": "100"}, "missing_lines": [], "excluded_lines": [], "start_line": 41}, "ApplicationLifecycleDomainService.validate_delete": {"executed_lines": [59, 61, 62], "summary": {"covered_lines": 3, "num_statements": 4, "percent_covered": 75.0, "percent_covered_display": "75", "missing_lines": 1, "excluded_lines": 0, "percent_statements_covered": 75.0, "percent_statements_covered_display": "75"}, "missing_lines": [60], "excluded_lines": [], "start_line": 52}, "ApplicationLifecycleDomainService.create_deploy_record": {"executed_lines": [], "summary": {"covered_lines": 0, "num_statements": 1, "percent_covered": 0.0, "percent_covered_display": "0", "missing_lines": 1, "excluded_lines": 0, "percent_statements_covered": 0.0, "percent_statements_covered_display": "0"}, "missing_lines": [71], "excluded_lines": [], "start_line": 65}, "ApplicationLifecycleDomainService.create_stop_record": {"executed_lines": [86], "summary": {"covered_lines": 1, "num_statements": 1, "percent_covered": 100.0, "percent_covered_display": "100", "missing_lines": 0, "excluded_lines": 0, "percent_statements_covered": 100.0, "percent_statements_covered_display": "100"}, "missing_lines": [], "excluded_lines": [], "start_line": 84}, "ApplicationLifecycleDomainService.create_restart_record": {"executed_lines": [105], "summary": {"covered_lines": 1, "num_statements": 1, "percent_covered": 100.0, "percent_covered_display": "100", "missing_lines": 0, "excluded_lines": 0, "percent_statements_covered": 100.0, "percent_statements_covered_display": "100"}, "missing_lines": [], "excluded_lines": [], "start_line": 99}, "ApplicationLifecycleDomainService.mark_deploy_success": {"executed_lines": [120, 121, 122, 123], "summary": {"covered_lines": 4, "num_statements": 4, "percent_covered": 100.0, "percent_covered_display": "100", "missing_lines": 0, "excluded_lines": 0, "percent_statements_covered": 100.0, "percent_statements_covered_display": "100"}, "missing_lines": [], "excluded_lines": [], "start_line": 118}, "ApplicationLifecycleDomainService.mark_deploy_failure": {"executed_lines": [128, 129, 130, 131, 132], "summary": {"covered_lines": 5, "num_statements": 5, "percent_covered": 100.0, "percent_covered_display": "100", "missing_lines": 0, "excluded_lines": 0, "percent_statements_covered": 100.0, "percent_statements_covered_display": "100"}, "missing_lines": [], "excluded_lines": [], "start_line": 126}, "ApplicationLifecycleDomainService.mark_deploy_canceled": {"executed_lines": [], "summary": {"covered_lines": 0, "num_statements": 4, "percent_covered": 0.0, "percent_covered_display": "0", "missing_lines": 4, "excluded_lines": 0, "percent_statements_covered": 0.0, "percent_statements_covered_display": "0"}, "missing_lines": [137, 138, 139, 140], "excluded_lines": [], "start_line": 135}, "ApplicationLifecycleDomainService.mark_stop_success": {"executed_lines": [145, 146, 147, 148], "summary": {"covered_lines": 4, "num_statements": 4, "percent_covered": 100.0, "percent_covered_display": "100", "missing_lines": 0, "excluded_lines": 0, "percent_statements_covered": 100.0, "percent_statements_covered_display": "100"}, "missing_lines": [], "excluded_lines": [], "start_line": 143}, "ApplicationLifecycleDomainService.mark_stop_failure": {"executed_lines": [], "summary": {"covered_lines": 0, "num_statements": 5, "percent_covered": 0.0, "percent_covered_display": "0", "missing_lines": 5, "excluded_lines": 0, "percent_statements_covered": 0.0, "percent_statements_covered_display": "0"}, "missing_lines": [153, 154, 155, 156, 157], "excluded_lines": [], "start_line": 151}, "": {"executed_lines": [3, 5, 6, 7, 8, 11, 18, 19, 29, 30, 40, 41, 51, 52, 64, 65, 83, 84, 98, 99, 117, 118, 125, 126, 134, 135, 142, 143, 150, 151], "summary": {"covered_lines": 30, "num_statements": 30, "percent_covered": 100.0, "percent_covered_display": "100", "missing_lines": 0, "excluded_lines": 0, "percent_statements_covered": 100.0, "percent_statements_covered_display": "100"}, "missing_lines": [], "excluded_lines": [], "start_line": 1}}, "classes": {"ApplicationLifecycleDomainService": {"executed_lines": [26, 37, 38, 48, 49, 59, 61, 62, 86, 105, 120, 121, 122, 123, 128, 129, 130, 131, 132, 145, 146, 147, 148], "summary": {"covered_lines": 23, "num_statements": 35, "percent_covered": 65.71428571428571, "percent_covered_display": "66", "missing_lines": 12, "excluded_lines": 0, "percent_statements_covered": 65.71428571428571, "percent_statements_covered_display": "66"}, "missing_lines": [27, 60, 71, 137, 138, 139, 140, 153, 154, 155, 156, 157], "excluded_lines": [], "start_line": 11}, "": {"executed_lines": [3, 5, 6, 7, 8, 11, 18, 19, 29, 30, 40, 41, 51, 52, 64, 65, 83, 84, 98, 99, 117, 118, 125, 126, 134, 135, 142, 143, 150, 151], "summary": {"covered_lines": 30, "num_statements": 30, "percent_covered": 100.0, "percent_covered_display": "100", "missing_lines": 0, "excluded_lines": 0, "percent_statements_covered": 100.0, "percent_statements_covered_display": "100"}, "missing_lines": [], "excluded_lines": [], "start_line": 1}}}, "src\\pomelo_orbit\\domain\\application_manager.py": {"executed_lines": [3, 6], "summary": {"covered_lines": 2, "num_statements": 2, "percent_covered": 100.0, "percent_covered_display": "100", "missing_lines": 0, "excluded_lines": 31, "percent_statements_covered": 100.0, "percent_statements_covered_display": "100"}, "missing_lines": [], "excluded_lines": [9, 10, 11, 12, 13, 14, 15, 16, 17, 18, 19, 20, 21, 22, 23, 24, 25, 26, 27, 28, 29, 30, 31, 32, 33, 34, 35, 36, 37, 38, 39], "functions": {"ApplicationManager.deploy": {"executed_lines": [], "summary": {"covered_lines": 0, "num_statements": 0, "percent_covered": 100.0, "percent_covered_display": "100", "missing_lines": 0, "excluded_lines": 1, "percent_statements_covered": 100.0, "percent_statements_covered_display": "100"}, "missing_lines": [], "excluded_lines": [17], "start_line": 10}, "ApplicationManager.start": {"executed_lines": [], "summary": {"covered_lines": 0, "num_statements": 0, "percent_covered": 100.0, "percent_covered_display": "100", "missing_lines": 0, "excluded_lines": 1, "percent_statements_covered": 100.0, "percent_statements_covered_display": "100"}, "missing_lines": [], "excluded_lines": [20], "start_line": 20}, "ApplicationManager.stop": {"executed_lines": [], "summary": {"covered_lines": 0, "num_statements": 0, "percent_covered": 100.0, "percent_covered_display": "100", "missing_lines": 0, "excluded_lines": 1, "percent_statements_covered": 100.0, "percent_statements_covered_display": "100"}, "missing_lines": [], "excluded_lines": [23], "start_line": 23}, "ApplicationManager.restart": {"executed_lines": [], "summary": {"covered_lines": 0, "num_statements": 0, "percent_covered": 100.0, "percent_covered_display": "100", "missing_lines": 0, "excluded_lines": 1, "percent_statements_covered": 100.0, "percent_statements_covered_display": "100"}, "missing_lines": [], "excluded_lines": [26], "start_line": 26}, "ApplicationManager.status": {"executed_lines": [], "summary": {"covered_lines": 0, "num_statements": 0, "percent_covered": 100.0, "percent_covered_display": "100", "missing_lines": 0, "excluded_lines": 1, "percent_statements_covered": 100.0, "percent_statements_covered_display": "100"}, "missing_lines": [], "excluded_lines": [29], "start_line": 29}, "ApplicationManager.logs": {"executed_lines": [], "summary": {"covered_lines": 0, "num_statements": 0, "percent_covered": 100.0, "percent_covered_display": "100", "missing_lines": 0, "excluded_lines": 1, "percent_statements_covered": 100.0, "percent_statements_covered_display": "100"}, "missing_lines": [], "excluded_lines": [32], "start_line": 32}, "ApplicationManager.purge": {"executed_lines": [], "summary": {"covered_lines": 0, "num_statements": 0, "percent_covered": 100.0, "percent_covered_display": "100", "missing_lines": 0, "excluded_lines": 1, "percent_statements_covered": 100.0, "percent_statements_covered_display": "100"}, "missing_lines": [], "excluded_lines": [35], "start_line": 35}, "ApplicationManager.read_deployment_log": {"executed_lines": [], "summary": {"covered_lines": 0, "num_statements": 0, "percent_covered": 100.0, "percent_covered_display": "100", "missing_lines": 0, "excluded_lines": 1, "percent_statements_covered": 100.0, "percent_statements_covered_display": "100"}, "missing_lines": [], "excluded_lines": [38], "start_line": 38}, "": {"executed_lines": [3, 6], "summary": {"covered_lines": 2, "num_statements": 2, "percent_covered": 100.0, "percent_covered_display": "100", "missing_lines": 0, "excluded_lines": 22, "percent_statements_covered": 100.0, "percent_statements_covered_display": "100"}, "missing_lines": [], "excluded_lines": [9, 10, 11, 12, 13, 14, 15, 16, 18, 19, 21, 22, 24, 25, 27, 28, 30, 31, 33, 34, 36, 37], "start_line": 1}}, "classes": {"ApplicationManager": {"executed_lines": [], "summary": {"covered_lines": 0, "num_statements": 0, "percent_covered": 100.0, "percent_covered_display": "100", "missing_lines": 0, "excluded_lines": 8, "percent_statements_covered": 100.0, "percent_statements_covered_display": "100"}, "missing_lines": [], "excluded_lines": [17, 20, 23, 26, 29, 32, 35, 38], "start_line": 6}, "": {"executed_lines": [3, 6], "summary": {"covered_lines": 2, "num_statements": 2, "percent_covered": 100.0, "percent_covered_display": "100", "missing_lines": 0, "excluded_lines": 22, "percent_statements_covered": 100.0, "percent_statements_covered_display": "100"}, "missing_lines": [], "excluded_lines": [9, 10, 11, 12, 13, 14, 15, 16, 18, 19, 21, 22, 24, 25, 27, 28, 30, 31, 33, 34, 36, 37], "start_line": 1}}}, "src\\pomelo_orbit\\domain\\certificate.py": {"executed_lines": [3, 6, 9, 10], "summary": {"covered_lines": 4, "num_statements": 27, "percent_covered": 14.814814814814815, "percent_covered_display": "15", "missing_lines": 23, "excluded_lines": 0, "percent_statements_covered": 14.814814814814815, "percent_statements_covered_display": "15"}, "missing_lines": [12, 13, 14, 15, 16, 18, 19, 20, 21, 22, 23, 24, 25, 26, 27, 29, 30, 31, 32, 33, 35, 36, 38], "excluded_lines": [], "functions": {"Certificate.parse_pem": {"executed_lines": [], "summary": {"covered_lines": 0, "num_statements": 23, "percent_covered": 0.0, "percent_covered_display": "0", "missing_lines": 23, "excluded_lines": 0, "percent_statements_covered": 0.0, "percent_statements_covered_display": "0"}, "missing_lines": [12, 13, 14, 15, 16, 18, 19, 20, 21, 22, 23, 24, 25, 26, 27, 29, 30, 31, 32, 33, 35, 36, 38], "excluded_lines": [], "start_line": 10}, "": {"executed_lines": [3, 6, 9, 10], "summary": {"covered_lines": 4, "num_statements": 4, "percent_covered": 100.0, "percent_covered_display": "100", "missing_lines": 0, "excluded_lines": 0, "percent_statements_covered": 100.0, "percent_statements_covered_display": "100"}, "missing_lines": [], "excluded_lines": [], "start_line": 1}}, "classes": {"Certificate": {"executed_lines": [], "summary": {"covered_lines": 0, "num_statements": 23, "percent_covered": 0.0, "percent_covered_display": "0", "missing_lines": 23, "excluded_lines": 0, "percent_statements_covered": 0.0, "percent_statements_covered_display": "0"}, "missing_lines": [12, 13, 14, 15, 16, 18, 19, 20, 21, 22, 23, 24, 25, 26, 27, 29, 30, 31, 32, 33, 35, 36, 38], "excluded_lines": [], "start_line": 6}, "": {"executed_lines": [3, 6, 9, 10], "summary": {"covered_lines": 4, "num_statements": 4, "percent_covered": 100.0, "percent_covered_display": "100", "missing_lines": 0, "excluded_lines": 0, "percent_statements_covered": 100.0, "percent_statements_covered_display": "100"}, "missing_lines": [], "excluded_lines": [], "start_line": 1}}}, "src\\pomelo_orbit\\domain\\ci\\__init__.py": {"executed_lines": [], "summary": {"covered_lines": 0, "num_statements": 0, "percent_covered": 100.0, "percent_covered_display": "100", "missing_lines": 0, "excluded_lines": 0, "percent_statements_covered": 100.0, "percent_statements_covered_display": "100"}, "missing_lines": [], "excluded_lines": [], "functions": {"": {"executed_lines": [], "summary": {"covered_lines": 0, "num_statements": 0, "percent_covered": 100.0, "percent_covered_display": "100", "missing_lines": 0, "excluded_lines": 0, "percent_statements_covered": 100.0, "percent_statements_covered_display": "100"}, "missing_lines": [], "excluded_lines": [], "start_line": 1}}, "classes": {"": {"executed_lines": [], "summary": {"covered_lines": 0, "num_statements": 0, "percent_covered": 100.0, "percent_covered_display": "100", "missing_lines": 0, "excluded_lines": 0, "percent_statements_covered": 100.0, "percent_statements_covered_display": "100"}, "missing_lines": [], "excluded_lines": [], "start_line": 1}}}, "src\\pomelo_orbit\\domain\\ci\\entities.py": {"executed_lines": [3, 4, 5, 7, 9, 16, 19, 20, 23, 24, 25, 26, 27, 28, 29, 30, 31, 32, 34, 35, 45, 56, 65, 66, 67, 68, 69, 70, 71, 72, 73, 74, 75, 78, 79, 82, 83, 84, 85, 86, 88, 89, 95, 103, 104, 107, 108, 109, 110, 111, 112, 113, 114, 116, 117, 125, 134, 142, 143, 144, 145, 146, 147, 148, 149, 150, 153, 154, 157, 158, 159, 160, 161, 162, 163, 164, 165, 166, 167, 169, 170, 179, 189, 191, 192, 194, 196, 197, 199, 201, 202, 205, 206, 209, 210, 211, 212, 213, 214, 215, 216, 217, 219, 220, 226, 233, 235, 236, 238, 240, 241, 242, 244, 246, 247, 248, 249, 251, 253, 254, 255, 258, 259, 262, 263, 264, 265, 267, 268, 270, 277, 278, 281, 282, 283, 284, 285, 286, 287, 289, 290, 298], "summary": {"covered_lines": 142, "num_statements": 142, "percent_covered": 100.0, "percent_covered_display": "100", "missing_lines": 0, "excluded_lines": 0, "percent_statements_covered": 100.0, "percent_statements_covered_display": "100"}, "missing_lines": [], "excluded_lines": [], "functions": {"Project.create": {"executed_lines": [45], "summary": {"covered_lines": 1, "num_statements": 1, "percent_covered": 100.0, "percent_covered_display": "100", "missing_lines": 0, "excluded_lines": 0, "percent_statements_covered": 100.0, "percent_statements_covered_display": "100"}, "missing_lines": [], "excluded_lines": [], "start_line": 35}, "Project.update": {"executed_lines": [65, 66, 67, 68, 69, 70, 71, 72, 73, 74, 75], "summary": {"covered_lines": 11, "num_statements": 11, "percent_covered": 100.0, "percent_covered_display": "100", "missing_lines": 0, "excluded_lines": 0, "percent_statements_covered": 100.0, "percent_statements_covered_display": "100"}, "missing_lines": [], "excluded_lines": [], "start_line": 56}, "Credential.create": {"executed_lines": [95], "summary": {"covered_lines": 1, "num_statements": 1, "percent_covered": 100.0, "percent_covered_display": "100", "missing_lines": 0, "excluded_lines": 0, "percent_statements_covered": 100.0, "percent_statements_covered_display": "100"}, "missing_lines": [], "excluded_lines": [], "start_line": 89}, "PipelineTemplate.create": {"executed_lines": [125], "summary": {"covered_lines": 1, "num_statements": 1, "percent_covered": 100.0, "percent_covered_display": "100", "missing_lines": 0, "excluded_lines": 0, "percent_statements_covered": 100.0, "percent_statements_covered_display": "100"}, "missing_lines": [], "excluded_lines": [], "start_line": 117}, "PipelineTemplate.update": {"executed_lines": [142, 143, 144, 145, 146, 147, 148, 149, 150], "summary": {"covered_lines": 9, "num_statements": 9, "percent_covered": 100.0, "percent_covered_display": "100", "missing_lines": 0, "excluded_lines": 0, "percent_statements_covered": 100.0, "percent_statements_covered_display": "100"}, "missing_lines": [], "excluded_lines": [], "start_line": 134}, "PipelineRun.create": {"executed_lines": [179], "summary": {"covered_lines": 1, "num_statements": 1, "percent_covered": 100.0, "percent_covered_display": "100", "missing_lines": 0, "excluded_lines": 0, "percent_statements_covered": 100.0, "percent_statements_covered_display": "100"}, "missing_lines": [], "excluded_lines": [], "start_line": 170}, "PipelineRun.start": {"executed_lines": [191, 192], "summary": {"covered_lines": 2, "num_statements": 2, "percent_covered": 100.0, "percent_covered_display": "100", "missing_lines": 0, "excluded_lines": 0, "percent_statements_covered": 100.0, "percent_statements_covered_display": "100"}, "missing_lines": [], "excluded_lines": [], "start_line": 189}, "PipelineRun.complete_success": {"executed_lines": [196, 197], "summary": {"covered_lines": 2, "num_statements": 2, "percent_covered": 100.0, "percent_covered_display": "100", "missing_lines": 0, "excluded_lines": 0, "percent_statements_covered": 100.0, "percent_statements_covered_display": "100"}, "missing_lines": [], "excluded_lines": [], "start_line": 194}, "PipelineRun.complete_failed": {"executed_lines": [201, 202], "summary": {"covered_lines": 2, "num_statements": 2, "percent_covered": 100.0, "percent_covered_display": "100", "missing_lines": 0, "excluded_lines": 0, "percent_statements_covered": 100.0, "percent_statements_covered_display": "100"}, "missing_lines": [], "excluded_lines": [], "start_line": 199}, "Job.create": {"executed_lines": [226], "summary": {"covered_lines": 1, "num_statements": 1, "percent_covered": 100.0, "percent_covered_display": "100", "missing_lines"
[...]
rcent_statements_covered_display": "100"}, "missing_lines": [], "excluded_lines": [], "start_line": 1}}}, "src\\pomelo_orbit\\interfaces\\api\\event.py": {"executed_lines": [5, 6, 8, 9, 11, 12, 13, 14, 15, 16, 22, 25, 26, 66, 67], "summary": {"covered_lines": 15, "num_statements": 34, "percent_covered": 44.11764705882353, "percent_covered_display": "44", "missing_lines": 19, "excluded_lines": 0, "percent_statements_covered": 44.11764705882353, "percent_statements_covered_display": "44"}, "missing_lines": [38, 40, 41, 44, 45, 46, 47, 48, 49, 50, 51, 53, 54, 55, 57, 73, 74, 75, 76], "excluded_lines": [], "functions": {"list_events": {"executed_lines": [], "summary": {"covered_lines": 0, "num_statements": 15, "percent_covered": 0.0, "percent_covered_display": "0", "missing_lines": 15, "excluded_lines": 0, "percent_statements_covered": 0.0, "percent_statements_covered_display": "0"}, "missing_lines": [38, 40, 41, 44, 45, 46, 47, 48, 49, 50, 51, 53, 54, 55, 57], "excluded_lines": [], "start_line": 26}, "get_event": {"executed_lines": [], "summary": {"covered_lines": 0, "num_statements": 4, "percent_covered": 0.0, "percent_covered_display": "0", "missing_lines": 4, "excluded_lines": 0, "percent_statements_covered": 0.0, "percent_statements_covered_display": "0"}, "missing_lines": [73, 74, 75, 76], "excluded_lines": [], "start_line": 67}, "": {"executed_lines": [5, 6, 8, 9, 11, 12, 13, 14, 15, 16, 22, 25, 26, 66, 67], "summary": {"covered_lines": 15, "num_statements": 15, "percent_covered": 100.0, "percent_covered_display": "100", "missing_lines": 0, "excluded_lines": 0, "percent_statements_covered": 100.0, "percent_statements_covered_display": "100"}, "missing_lines": [], "excluded_lines": [], "start_line": 1}}, "classes": {"": {"executed_lines": [5, 6, 8, 9, 11, 12, 13, 14, 15, 16, 22, 25, 26, 66, 67], "summary": {"covered_lines": 15, "num_statements": 34, "percent_covered": 44.11764705882353, "percent_covered_display": "44", "missing_lines": 19, "excluded_lines": 0, "percent_statements_covered": 44.11764705882353, "percent_statements_covered_display": "44"}, "missing_lines": [38, 40, 41, 44, 45, 46, 47, 48, 49, 50, 51, 53, 54, 55, 57, 73, 74, 75, 76], "excluded_lines": [], "start_line": 1}}}, "src\\pomelo_orbit\\interfaces\\api\\route.py": {"executed_lines": [3, 4, 5, 7, 9, 10, 11, 12, 13, 20, 22, 25, 26, 33, 34, 43, 44, 50, 57, 60, 61, 67, 68, 71, 72, 79, 80, 81, 84, 85, 91, 94, 95, 105, 106, 116, 117, 126, 127, 139, 140, 150, 151, 161, 162], "summary": {"covered_lines": 45, "num_statements": 60, "percent_covered": 75.0, "percent_covered_display": "75", "missing_lines": 15, "excluded_lines": 0, "percent_statements_covered": 75.0, "percent_statements_covered_display": "75"}, "missing_lines": [101, 102, 112, 113, 122, 123, 134, 135, 136, 146, 147, 157, 158, 168, 169], "excluded_lines": [], "functions": {"list_routes": {"executed_lines": [33, 34], "summary": {"covered_lines": 2, "num_statements": 2, "percent_covered": 100.0, "percent_covered_display": "100", "missing_lines": 0, "excluded_lines": 0, "percent_statements_covered": 100.0, "percent_statements_covered_display": "100"}, "missing_lines": [], "excluded_lines": [], "start_line": 26}, "create_route": {"executed_lines": [50, 57], "summary": {"covered_lines": 2, "num_statements": 2, "percent_covered": 100.0, "percent_covered_display": "100", "missing_lines": 0, "excluded_lines": 0, "percent_statements_covered": 100.0, "percent_statements_covered_display": "100"}, "missing_lines": [], "excluded_lines": [], "start_line": 44}, "get_route": {"executed_lines": [67, 68], "summary": {"covered_lines": 2, "num_statements": 2, "percent_covered": 100.0, "percent_covered_display": "100", "missing_lines": 0, "excluded_lines": 0, "percent_statements_covered": 100.0, "percent_statements_covered_display": "100"}, "missing_lines": [], "excluded_lines": [], "start_line": 61}, "update_route": {"executed_lines": [79, 80, 81], "summary": {"covered_lines": 3, "num_statements": 3, "percent_covered": 100.0, "percent_covered_display": "100", "missing_lines": 0, "excluded_lines": 0, "percent_statements_covered": 100.0, "percent_statements_covered_display": "100"}, "missing_lines": [], "excluded_lines": [], "start_line": 72}, "delete_route": {"executed_lines": [91], "summary": {"covered_lines": 1, "num_statements": 1, "percent_covered": 100.0, "percent_covered_display": "100", "missing_lines": 0, "excluded_lines": 0, "percent_statements_covered": 100.0, "percent_statements_covered_display": "100"}, "missing_lines": [], "excluded_lines": [], "start_line": 85}, "enable_route": {"executed_lines": [], "summary": {"covered_lines": 0, "num_statements": 2, "percent_covered": 0.0, "percent_covered_display": "0", "missing_lines": 2, "excluded_lines": 0, "percent_statements_covered": 0.0, "percent_statements_covered_display": "0"}, "missing_lines": [101, 102], "excluded_lines": [], "start_line": 95}, "disable_route": {"executed_lines": [], "summary": {"covered_lines": 0, "num_statements": 2, "percent_covered": 0.0, "percent_covered_display": "0", "missing_lines": 2, "excluded_lines": 0, "percent_statements_covered": 0.0, "percent_statements_covered_display": "0"}, "missing_lines": [112, 113], "excluded_lines": [], "start_line": 106}, "sync_routes": {"executed_lines": [], "summary": {"covered_lines": 0, "num_statements": 2, "percent_covered": 0.0, "percent_covered_display": "0", "missing_lines": 2, "excluded_lines": 0, "percent_statements_covered": 0.0, "percent_statements_covered_display": "0"}, "missing_lines": [122, 123], "excluded_lines": [], "start_line": 117}, "upload_cert": {"executed_lines": [], "summary": {"covered_lines": 0, "num_statements": 3, "percent_covered": 0.0, "percent_covered_display": "0", "missing_lines": 3, "excluded_lines": 0, "percent_statements_covered": 0.0, "percent_statements_covered_display": "0"}, "missing_lines": [134, 135, 136], "excluded_lines": [], "start_line": 127}, "disable_https": {"executed_lines": [], "summary": {"covered_lines": 0, "num_statements": 2, "percent_covered": 0.0, "percent_covered_display": "0", "missing_lines": 2, "excluded_lines": 0, "percent_statements_covered": 0.0, "percent_statements_covered_display": "0"}, "missing_lines": [146, 147], "excluded_lines": [], "start_line": 140}, "enable_letsencrypt": {"executed_lines": [], "summary": {"covered_lines": 0, "num_statements": 2, "percent_covered": 0.0, "percent_covered_display": "0", "missing_lines": 2, "excluded_lines": 0, "percent_statements_covered": 0.0, "percent_statements_covered_display": "0"}, "missing_lines": [157, 158], "excluded_lines": [], "start_line": 151}, "enable_mkcert": {"executed_lines": [], "summary": {"covered_lines": 0, "num_statements": 2, "percent_covered": 0.0, "percent_covered_display": "0", "missing_lines": 2, "excluded_lines": 0, "percent_statements_covered": 0.0, "percent_statements_covered_display": "0"}, "missing_lines": [168, 169], "excluded_lines": [], "start_line": 162}, "": {"executed_lines": [3, 4, 5, 7, 9, 10, 11, 12, 13, 20, 22, 25, 26, 43, 44, 60, 61, 71, 72, 84, 85, 94, 95, 105, 106, 116, 117, 126, 127, 139, 140, 150, 151, 161, 162], "summary": {"covered_lines": 35, "num_statements": 35, "percent_covered": 100.0, "percent_covered_display": "100", "missing_lines": 0, "excluded_lines": 0, "percent_statements_covered": 100.0, "percent_statements_covered_display": "100"}, "missing_lines": [], "excluded_lines": [], "start_line": 1}}, "classes": {"": {"executed_lines": [3, 4, 5, 7, 9, 10, 11, 12, 13, 20, 22, 25, 26, 33, 34, 43, 44, 50, 57, 60, 61, 67, 68, 71, 72, 79, 80, 81, 84, 85, 91, 94, 95, 105, 106, 116, 117, 126, 127, 139, 140, 150, 151, 161, 162], "summary": {"covered_lines": 45, "num_statements": 60, "percent_covered": 75.0, "percent_covered_display": "75", "missing_lines": 15, "excluded_lines": 0, "percent_statements_covered": 75.0, "percent_statements_covered_display": "75"}, "missing_lines": [101, 102, 112, 113, 122, 123, 134, 135, 136, 146, 147, 157, 158, 168, 169], "excluded_lines": [], "start_line": 1}}}, "src\\pomelo_orbit\\interfaces\\api\\settings.py": {"executed_lines": [5, 7, 9, 10, 11, 12, 13, 15, 18, 19, 27, 28, 38, 39], "summary": {"covered_lines": 14, "num_statements": 19, "percent_covered": 73.6842105263158, "percent_covered_display": "74", "missing_lines": 5, "excluded_lines": 0, "percent_statements_covered": 73.6842105263158, "percent_statements_covered_display": "74"}, "missing_lines": [24, 34, 35, 45, 46], "excluded_lines": [], "functions": {"get_config": {"executed_lines": [], "summary": {"covered_lines": 0, "num_statements": 1, "percent_covered": 0.0, "percent_covered_display": "0", "missing_lines": 1, "excluded_lines": 0, "percent_statements_covered": 0.0, "percent_statements_covered_display": "0"}, "missing_lines": [24], "excluded_lines": [], "start_line": 19}, "update_config": {"executed_lines": [], "summary": {"covered_lines": 0, "num_statements": 2, "percent_covered": 0.0, "percent_covered_display": "0", "missing_lines": 2, "excluded_lines": 0, "percent_statements_covered": 0.0, "percent_statements_covered_display": "0"}, "missing_lines": [34, 35], "excluded_lines": [], "start_line": 28}, "reset_config": {"executed_lines": [], "summary": {"covered_lines": 0, "num_statements": 2, "percent_covered": 0.0, "percent_covered_display": "0", "missing_lines": 2, "excluded_lines": 0, "percent_statements_covered": 0.0, "percent_statements_covered_display": "0"}, "missing_lines": [45, 46], "excluded_lines": [], "start_line": 39}, "": {"executed_lines": [5, 7, 9, 10, 11, 12, 13, 15, 18, 19, 27, 28, 38, 39], "summary": {"covered_lines": 14, "num_statements": 14, "percent_covered": 100.0, "percent_covered_display": "100", "missing_lines": 0, "excluded_lines": 0, "percent_statements_covered": 100.0, "percent_statements_covered_display": "100"}, "missing_lines": [], "excluded_lines": [], "start_line": 1}}, "classes": {"": {"executed_lines": [5, 7, 9, 10, 11, 12, 13, 15, 18, 19, 27, 28, 38, 39], "summary": {"covered_lines": 14, "num_statements": 19, "percent_covered": 73.6842105263158, "percent_covered_display": "74", "missing_lines": 5, "excluded_lines": 0, "percent_statements_covered": 73.6842105263158, "percent_statements_covered_display": "74"}, "missing_lines": [24, 34, 35, 45, 46], "excluded_lines": [], "start_line": 1}}}, "src\\pomelo_orbit\\interfaces\\api\\traefik_route.py": {"executed_lines": [3, 4, 6, 7, 8, 10, 11, 12, 13, 14, 15, 17, 18, 21, 22, 37, 38], "summary": {"covered_lines": 17, "num_statements": 26, "percent_covered": 65.38461538461539, "percent_covered_display": "65", "missing_lines": 9, "excluded_lines": 0, "percent_statements_covered": 65.38461538461539, "percent_statements_covered_display": "65"}, "missing_lines": [28, 29, 31, 44, 45, 46, 47, 48, 49], "excluded_lines": [], "functions": {"get_traefik_config": {"executed_lines": [], "summary": {"covered_lines": 0, "num_statements": 3, "percent_covered": 0.0, "percent_covered_display": "0", "missing_lines": 3, "excluded_lines": 0, "percent_statements_covered": 0.0, "percent_statements_covered_display": "0"}, "missing_lines": [28, 29, 31], "excluded_lines": [], "start_line": 22}, "list_traefik_routes": {"executed_lines": [], "summary": {"covered_lines": 0, "num_statements": 6, "percent_covered": 0.0, "percent_covered_display": "0", "missing_lines": 6, "excluded_lines": 0, "percent_statements_covered": 0.0, "percent_statements_covered_display": "0"}, "missing_lines": [44, 45, 46, 47, 48, 49], "excluded_lines": [], "start_line": 38}, "": {"executed_lines": [3, 4, 6, 7, 8, 10, 11, 12, 13, 14, 15, 17, 18, 21, 22, 37, 38], "summary": {"covered_lines": 17, "num_statements": 17, "percent_covered": 100.0, "percent_covered_display": "100", "missing_lines": 0, "excluded_lines": 0, "percent_statements_covered": 100.0, "percent_statements_covered_display": "100"}, "missing_lines": [], "excluded_lines": [], "start_line": 1}}, "classes": {"": {"executed_lines": [3, 4, 6, 7, 8, 10, 11, 12, 13, 14, 15, 17, 18, 21, 22, 37, 38], "summary": {"covered_lines": 17, "num_statements": 26, "percent_covered": 65.38461538461539, "percent_covered_display": "65", "missing_lines": 9, "excluded_lines": 0, "percent_statements_covered": 65.38461538461539, "percent_statements_covered_display": "65"}, "missing_lines": [28, 29, 31, 44, 45, 46, 47, 48, 49], "excluded_lines": [], "start_line": 1}}}, "src\\pomelo_orbit\\interfaces\\api\\webhook.py": {"executed_lines": [5, 6, 7, 9, 10, 11, 12, 14, 15, 16, 17, 18, 19, 20, 21, 22, 28, 30, 32, 35, 36, 46, 47, 49, 50, 57, 58, 61, 72, 73, 74, 77, 89, 90, 91, 93, 95, 96, 97, 98], "summary": {"covered_lines": 40, "num_statements": 77, "percent_covered": 51.94805194805195, "percent_covered_display": "52", "missing_lines": 37, "excluded_lines": 0, "percent_statements_covered": 51.94805194805195, "percent_statements_covered_display": "52"}, "missing_lines": [51, 100, 101, 102, 103, 104, 106, 108, 109, 110, 111, 112, 114, 115, 116, 117, 118, 119, 121, 122, 123, 124, 125, 126, 129, 140, 141, 142, 145, 146, 147, 150, 153, 154, 155, 161, 165], "excluded_lines": [], "functions": {"github_webhook": {"executed_lines": [46, 47, 49, 50, 57, 58, 61, 72, 73, 74, 77, 89, 90, 91, 93, 95, 96, 97, 98], "summary": {"covered_lines": 19, "num_statements": 56, "percent_covered": 33.92857142857143, "percent_covered_display": "34", "missing_lines": 37, "excluded_lines": 0, "percent_statements_covered": 33.92857142857143, "percent_statements_covered_display": "34"}, "missing_lines": [51, 100, 101, 102, 103, 104, 106, 108, 109, 110, 111, 112, 114, 115, 116, 117, 118, 119, 121, 122, 123, 124, 125, 126, 129, 140, 141, 142, 145, 146, 147, 150, 153, 154, 155, 161, 165], "excluded_lines": [], "start_line": 36}, "": {"executed_lines": [5, 6, 7, 9, 10, 11, 12, 14, 15, 16, 17, 18, 19, 20, 21, 22, 28, 30, 32, 35, 36], "summary": {"covered_lines": 21, "num_statements": 21, "percent_covered": 100.0, "percent_covered_display": "100", "missing_lines": 0, "excluded_lines": 0, "percent_statements_covered": 100.0, "percent_statements_covered_display": "100"}, "missing_lines": [], "excluded_lines": [], "start_line": 1}}, "classes": {"": {"executed_lines": [5, 6, 7, 9, 10, 11, 12, 14, 15, 16, 17, 18, 19, 20, 21, 22, 28, 30, 32, 35, 36, 46, 47, 49, 50, 57, 58, 61, 72, 73, 74, 77, 89, 90, 91, 93, 95, 96, 97, 98], "summary": {"covered_lines": 40, "num_statements": 77, "percent_covered": 51.94805194805195, "percent_covered_display": "52", "missing_lines": 37, "excluded_lines": 0, "percent_statements_covered": 51.94805194805195, "percent_statements_covered_display": "52"}, "missing_lines": [51, 100, 101, 102, 103, 104, 106, 108, 109, 110, 111, 112, 114, 115, 116, 117, 118, 119, 121, 122, 123, 124, 125, 126, 129, 140, 141, 142, 145, 146, 147, 150, 153, 154, 155, 161, 165], "excluded_lines": [], "start_line": 1}}}, "src\\pomelo_orbit\\main.py": {"executed_lines": [5, 6, 7, 8, 11, 12, 14, 16, 18, 19, 20, 21, 22, 23, 25, 26, 27, 28, 29, 30, 31, 32, 33, 34, 35, 36, 37, 38, 40, 43, 44, 54, 56, 65, 66, 67, 70, 71, 72, 73, 74, 75, 76, 77, 78, 81, 82, 84, 87, 93, 94, 104, 105, 114, 115, 124, 125, 131, 132, 142, 176], "summary": {"covered_lines": 61, "num_statements": 94, "percent_covered": 64.8936170212766, "percent_covered_display": "65", "missing_lines": 33, "excluded_lines": 0, "percent_statements_covered": 64.8936170212766, "percent_statements_covered_display": "65"}, "missing_lines": [46, 47, 48, 50, 51, 96, 97, 98, 107, 108, 117, 127, 134, 137, 138, 139, 143, 144, 145, 146, 147, 150, 151, 154, 155, 157, 165, 166, 173, 177, 178, 179, 180], "excluded_lines": [], "functions": {"lifespan": {"executed_lines": [], "summary": {"covered_lines": 0, "num_statements": 5, "percent_covered": 0.0, "percent_covered_display": "0", "missing_lines": 5, "excluded_lines": 0, "percent_statements_covered": 0.0, "percent_statements_covered_display": "0"}, "missing_lines": [46, 47, 48, 50, 51], "excluded_lines": [], "start_line": 44}, "business_exception_handler": {"executed_lines": [84, 87], "summary": {"covered_lines": 2, "num_statements": 2, "percent_covered": 100.0, "percent_covered_display": "100", "missing_lines": 0, "excluded_lines": 0, "percent_statements_covered": 100.0, "percent_statements_covered_display": "100"}, "missing_lines": [], "excluded_lines": [], "start_line": 82}, "validation_exception_handler": {"executed_lines": [], "summary": {"covered_lines": 0, "num_statements": 3, "percent_covered": 0.0, "percent_covered_display": "0", "missing_lines": 3, "excluded_lines": 0, "percent_statements_covered": 0.0, "percent_statements_covered_display": "0"}, "missing_lines": [96, 97, 98], "excluded_lines": [], "start_line": 94}, "global_exception_handler": {"executed_lines": [], "summary": {"covered_lines": 0, "num_statements": 2, "percent_covered": 0.0, "percent_covered_display": "0", "missing_lines": 2, "excluded_lines": 0, "percent_statements_covered": 0.0, "percent_statements_covered_display": "0"}, "missing_lines": [107, 108], "excluded_lines": [], "start_line": 105}, "root": {"executed_lines": [], "summary": {"covered_lines": 0, "num_statements": 1, "percent_covered": 0.0, "percent_covered_display": "0", "missing_lines": 1, "excluded_lines": 0, "percent_statements_covered": 0.0, "percent_statements_covered_display": "0"}, "missing_lines": [117], "excluded_lines": [], "start_line": 115}, "health": {"executed_lines": [], "summary": {"covered_lines": 0, "num_statements": 1, "percent_covered": 0.0, "percent_covered_display": "0", "missing_lines": 1, "excluded_lines": 0, "percent_statements_covered": 0.0, "percent_statements_covered_display": "0"}, "missing_lines": [127], "excluded_lines": [], "start_line": 125}, "serve_spa": {"executed_lines": [], "summary": {"covered_lines": 0, "num_statements": 1, "percent_covered": 0.0, "percent_covered_display": "0", "missing_lines": 1, "excluded_lines": 0, "percent_statements_covered": 0.0, "percent_statements_covered_display": "0"}, "missing_lines": [139], "excluded_lines": [], "start_line": 138}, "main": {"executed_lines": [], "summary": {"covered_lines": 0, "num_statements": 13, "percent_covered": 0.0, "percent_covered_display": "0", "missing_lines": 13, "excluded_lines": 0, "percent_statements_covered": 0.0, "percent_statements_covered_display": "0"}, "missing_lines": [143, 144, 145, 146, 147, 150, 151, 154, 155, 157, 165, 166, 173], "excluded_lines": [], "start_line": 142}, "": {"executed_lines": [5, 6, 7, 8, 11, 12, 14, 16, 18, 19, 20, 21, 22, 23, 25, 26, 27, 28, 29, 30, 31, 32, 33, 34, 35, 36, 37, 38, 40, 43, 44, 54, 56, 65, 66, 67, 70, 71, 72, 73, 74, 75, 76, 77, 78, 81, 82, 93, 94, 104, 105, 114, 115, 124, 125, 131, 132, 142, 176], "summary": {"covered_lines": 59, "num_statements": 66, "percent_covered": 89.39393939393939, "percent_covered_display": "89", "missing_lines": 7, "excluded_lines": 0, "percent_statements_covered": 89.39393939393939, "percent_statements_covered_display": "89"}, "missing_lines": [134, 137, 138, 177, 178, 179, 180], "excluded_lines": [], "start_line": 1}}, "classes": {"": {"executed_lines": [5, 6, 7, 8, 11, 12, 14, 16, 18, 19, 20, 21, 22, 23, 25, 26, 27, 28, 29, 30, 31, 32, 33, 34, 35, 36, 37, 38, 40, 43, 44, 54, 56, 65, 66, 67, 70, 71, 72, 73, 74, 75, 76, 77, 78, 81, 82, 84, 87, 93, 94, 104, 105, 114, 115, 124, 125, 131, 132, 142, 176], "summary": {"covered_lines": 61, "num_statements": 94, "percent_covered": 64.8936170212766, "percent_covered_display": "65", "missing_lines": 33, "excluded_lines": 0, "percent_statements_covered": 64.8936170212766, "percent_statements_covered_display": "65"}, "missing_lines": [46, 47, 48, 50, 51, 96, 97, 98, 107, 108, 117, 127, 134, 137, 138, 139, 143, 144, 145, 146, 147, 150, 151, 154, 155, 157, 165, 166, 173, 177, 178, 179, 180], "excluded_lines": [], "start_line": 1}}}}, "totals": {"covered_lines": 3355, "num_statements": 4203, "percent_covered": 79.82393528432073, "percent_covered_display": "80", "missing_lines": 848, "excluded_lines": 147, "percent_statements_covered": 79.82393528432073, "percent_statements_covered_display": "80"}}